The system is: Linux - 2.6.32-573.7.1.el6.672g0000.x86_64 - x86_64
Compiling the C compiler identification source file "CMakeCCompilerId.c" succeeded.
Compiler: /opt/gcc/7.3/bin/gcc 
Build flags: 
Id flags:  

The output was:
0


Compilation of the C compiler identification source "CMakeCCompilerId.c" produced "a.out"

The C compiler identification is GNU, found in "/data/home/jinzx10/playground/cmake/hw2/build/CMakeFiles/3.8.0/CompilerIdC/a.out"

Compiling the CXX compiler identification source file "CMakeCXXCompilerId.cpp" succeeded.
Compiler: /opt/gcc/7.3/bin/g++ 
Build flags: 
Id flags:  

The output was:
0


Compilation of the CXX compiler identification source "CMakeCXXCompilerId.cpp" produced "a.out"

The CXX compiler identification is GNU, found in "/data/home/jinzx10/playground/cmake/hw2/build/CMakeFiles/3.8.0/CompilerIdCXX/a.out"

Determining if the C compiler works passed with the following output:
Change Dir: /data/home/jinzx10/playground/cmake/hw2/build/CMakeFiles/CMakeTmp

Run Build Command:"/usr/bin/gmake" "cmTC_40e97/fast"
/usr/bin/gmake -f CMakeFiles/cmTC_40e97.dir/build.make CMakeFiles/cmTC_40e97.dir/build
gmake[1]: Entering directory `/data/home/jinzx10/playground/cmake/hw2/build/CMakeFiles/CMakeTmp'
Building C object CMakeFiles/cmTC_40e97.dir/testCCompiler.c.o
/opt/gcc/7.3/bin/gcc    -o CMakeFiles/cmTC_40e97.dir/testCCompiler.c.o   -c /data/home/jinzx10/playground/cmake/hw2/build/CMakeFiles/CMakeTmp/testCCompiler.c
Linking C executable cmTC_40e97
/opt/cmake/3.8.0/bin/cmake -E cmake_link_script CMakeFiles/cmTC_40e97.dir/link.txt --verbose=1
/opt/gcc/7.3/bin/gcc      -rdynamic CMakeFiles/cmTC_40e97.dir/testCCompiler.c.o  -o cmTC_40e97 
gmake[1]: Leaving directory `/data/home/jinzx10/playground/cmake/hw2/build/CMakeFiles/CMakeTmp'


Detecting C compiler ABI info compiled with the following output:
Change Dir: /data/home/jinzx10/playground/cmake/hw2/build/CMakeFiles/CMakeTmp

Run Build Command:"/usr/bin/gmake" "cmTC_651dd/fast"
/usr/bin/gmake -f CMakeFiles/cmTC_651dd.dir/build.make CMakeFiles/cmTC_651dd.dir/build
gmake[1]: Entering directory `/data/home/jinzx10/playground/cmake/hw2/build/CMakeFiles/CMakeTmp'
Building C object CMakeFiles/cmTC_651dd.dir/CMakeCCompilerABI.c.o
/opt/gcc/7.3/bin/gcc    -o CMakeFiles/cmTC_651dd.dir/CMakeCCompilerABI.c.o   -c /opt/cmake/3.8.0/share/cmake-3.8/Modules/CMakeCCompilerABI.c
Linking C executable cmTC_651dd
/opt/cmake/3.8.0/bin/cmake -E cmake_link_script CMakeFiles/cmTC_651dd.dir/link.txt --verbose=1
/opt/gcc/7.3/bin/gcc     -v -rdynamic CMakeFiles/cmTC_651dd.dir/CMakeCCompilerABI.c.o  -o cmTC_651dd 
Using built-in specs.
COLLECT_GCC=/opt/gcc/7.3/bin/gcc
COLLECT_LTO_WRAPPER=/opt/gcc/7.3/libexec/gcc/x86_64-pc-linux-gnu/7/lto-wrapper
Target: x86_64-pc-linux-gnu
Configured with: ../configure --prefix=/opt/gcc/7.3 --enable-shared --enable-threads=posix --enable-checking=release --enable-languages=c,c++,fortran --with-gcc-major-version-only CC=/usr/bin/gcc CXX=/usr/bin/g++
Thread model: posix
gcc version 7.3.0 (GCC) 
COMPILER_PATH=/opt/gcc/7.3/libexec/gcc/x86_64-pc-linux-gnu/7/:/opt/gcc/7.3/libexec/gcc/x86_64-pc-linux-gnu/7/:/opt/gcc/7.3/libexec/gcc/x86_64-pc-linux-gnu/:/opt/gcc/7.3/lib/gcc/x86_64-pc-linux-gnu/7/:/opt/gcc/7.3/lib/gcc/x86_64-pc-linux-gnu/
LIBRARY_PATH=/opt/gcc/7.3/lib64/../lib64/:/opt/gcc/7.3/lib/gcc/x86_64-pc-linux-gnu/7/:/opt/gcc/7.3/lib/gcc/x86_64-pc-linux-gnu/7/../../../../lib64/:/lib/../lib64/:/usr/lib/../lib64/:/opt/boost/gnu/1.55.0/lib/:/opt/openblas/gnu/0.2.20/lib/:/opt/fftw/gnu/3.3.8/lib/:/opt/openmpi/gnu/3.1.2/lib/:/opt/intel/composer_xe_2013.4.183/mkl/lib/intel64/:/opt/gcc/7.3/lib64/:/opt/curl/7.61/lib/:/opt/git/2.11.0/lib/:/opt/python/2.7/lib/:/opt/python/3.6/lib/:/opt/gcc/7.3/lib/gcc/x86_64-pc-linux-gnu/7/../../../:/lib/:/usr/lib/
COLLECT_GCC_OPTIONS='-v' '-rdynamic' '-o' 'cmTC_651dd' '-mtune=generic' '-march=x86-64'
 /opt/gcc/7.3/libexec/gcc/x86_64-pc-linux-gnu/7/collect2 --eh-frame-hdr -m elf_x86_64 -export-dynamic -dynamic-linker /lib64/ld-linux-x86-64.so.2 -o cmTC_651dd /usr/lib/../lib64/crt1.o /usr/lib/../lib64/crti.o /opt/gcc/7.3/lib/gcc/x86_64-pc-linux-gnu/7/crtbegin.o -L/opt/gcc/7.3/lib64/../lib64 -L/opt/gcc/7.3/lib/gcc/x86_64-pc-linux-gnu/7 -L/opt/gcc/7.3/lib/gcc/x86_64-pc-linux-gnu/7/../../../../lib64 -L/lib/../lib64 -L/usr/lib/../lib64 -L/opt/boost/gnu/1.55.0/lib -L/opt/openblas/gnu/0.2.20/lib -L/opt/fftw/gnu/3.3.8/lib -L/opt/openmpi/gnu/3.1.2/lib -L/opt/intel/composer_xe_2013.4.183/mkl/lib/intel64 -L/opt/gcc/7.3/lib64 -L/opt/curl/7.61/lib -L/opt/git/2.11.0/lib -L/opt/python/2.7/lib -L/opt/python/3.6/lib -L/opt/gcc/7.3/lib/gcc/x86_64-pc-linux-gnu/7/../../.. CMakeFiles/cmTC_651dd.dir/CMakeCCompilerABI.c.o -lgcc --as-needed -lgcc_s --no-as-needed -lc -lgcc --as-needed -lgcc_s --no-as-needed /opt/gcc/7.3/lib/gcc/x86_64-pc-linux-gnu/7/crtend.o /usr/lib/../lib64/crtn.o
COLLECT_GCC_OPTIONS='-v' '-rdynamic' '-o' 'cmTC_651dd' '-mtune=generic' '-march=x86-64'
gmake[1]: Leaving directory `/data/home/jinzx10/playground/cmake/hw2/build/CMakeFiles/CMakeTmp'


Parsed C implicit link information from above output:
  link line regex: [^( *|.*[/\])(ld|([^/\]+-)?ld|collect2)[^/\]*( |$)]
  ignore line: [Change Dir: /data/home/jinzx10/playground/cmake/hw2/build/CMakeFiles/CMakeTmp]
  ignore line: []
  ignore line: [Run Build Command:"/usr/bin/gmake" "cmTC_651dd/fast"]
  ignore line: [/usr/bin/gmake -f CMakeFiles/cmTC_651dd.dir/build.make CMakeFiles/cmTC_651dd.dir/build]
  ignore line: [gmake[1]: Entering directory `/data/home/jinzx10/playground/cmake/hw2/build/CMakeFiles/CMakeTmp']
  ignore line: [Building C object CMakeFiles/cmTC_651dd.dir/CMakeCCompilerABI.c.o]
  ignore line: [/opt/gcc/7.3/bin/gcc    -o CMakeFiles/cmTC_651dd.dir/CMakeCCompilerABI.c.o   -c /opt/cmake/3.8.0/share/cmake-3.8/Modules/CMakeCCompilerABI.c]
  ignore line: [Linking C executable cmTC_651dd]
  ignore line: [/opt/cmake/3.8.0/bin/cmake -E cmake_link_script CMakeFiles/cmTC_651dd.dir/link.txt --verbose=1]
  ignore line: [/opt/gcc/7.3/bin/gcc     -v -rdynamic CMakeFiles/cmTC_651dd.dir/CMakeCCompilerABI.c.o  -o cmTC_651dd ]
  ignore line: [Using built-in specs.]
  ignore line: [COLLECT_GCC=/opt/gcc/7.3/bin/gcc]
  ignore line: [COLLECT_LTO_WRAPPER=/opt/gcc/7.3/libexec/gcc/x86_64-pc-linux-gnu/7/lto-wrapper]
  ignore line: [Target: x86_64-pc-linux-gnu]
  ignore line: [Configured with: ../configure --prefix=/opt/gcc/7.3 --enable-shared --enable-threads=posix --enable-checking=release --enable-languages=c,c++,fortran --with-gcc-major-version-only CC=/usr/bin/gcc CXX=/usr/bin/g++]
  ignore line: [Thread model: posix]
  ignore line: [gcc version 7.3.0 (GCC) ]
  ignore line: [COMPILER_PATH=/opt/gcc/7.3/libexec/gcc/x86_64-pc-linux-gnu/7/:/opt/gcc/7.3/libexec/gcc/x86_64-pc-linux-gnu/7/:/opt/gcc/7.3/libexec/gcc/x86_64-pc-linux-gnu/:/opt/gcc/7.3/lib/gcc/x86_64-pc-linux-gnu/7/:/opt/gcc/7.3/lib/gcc/x86_64-pc-linux-gnu/]
  ignore line: [LIBRARY_PATH=/opt/gcc/7.3/lib64/../lib64/:/opt/gcc/7.3/lib/gcc/x86_64-pc-linux-gnu/7/:/opt/gcc/7.3/lib/gcc/x86_64-pc-linux-gnu/7/../../../../lib64/:/lib/../lib64/:/usr/lib/../lib64/:/opt/boost/gnu/1.55.0/lib/:/opt/openblas/gnu/0.2.20/lib/:/opt/fftw/gnu/3.3.8/lib/:/opt/openmpi/gnu/3.1.2/lib/:/opt/intel/composer_xe_2013.4.183/mkl/lib/intel64/:/opt/gcc/7.3/lib64/:/opt/curl/7.61/lib/:/opt/git/2.11.0/lib/:/opt/python/2.7/lib/:/opt/python/3.6/lib/:/opt/gcc/7.3/lib/gcc/x86_64-pc-linux-gnu/7/../../../:/lib/:/usr/lib/]
  ignore line: [COLLECT_GCC_OPTIONS='-v' '-rdynamic' '-o' 'cmTC_651dd' '-mtune=generic' '-march=x86-64']
  link line: [ /opt/gcc/7.3/libexec/gcc/x86_64-pc-linux-gnu/7/collect2 --eh-frame-hdr -m elf_x86_64 -export-dynamic -dynamic-linker /lib64/ld-linux-x86-64.so.2 -o cmTC_651dd /usr/lib/../lib64/crt1.o /usr/lib/../lib64/crti.o /opt/gcc/7.3/lib/gcc/x86_64-pc-linux-gnu/7/crtbegin.o -L/opt/gcc/7.3/lib64/../lib64 -L/opt/gcc/7.3/lib/gcc/x86_64-pc-linux-gnu/7 -L/opt/gcc/7.3/lib/gcc/x86_64-pc-linux-gnu/7/../../../../lib64 -L/lib/../lib64 -L/usr/lib/../lib64 -L/opt/boost/gnu/1.55.0/lib -L/opt/openblas/gnu/0.2.20/lib -L/opt/fftw/gnu/3.3.8/lib -L/opt/openmpi/gnu/3.1.2/lib -L/opt/intel/composer_xe_2013.4.183/mkl/lib/intel64 -L/opt/gcc/7.3/lib64 -L/opt/curl/7.61/lib -L/opt/git/2.11.0/lib -L/opt/python/2.7/lib -L/opt/python/3.6/lib -L/opt/gcc/7.3/lib/gcc/x86_64-pc-linux-gnu/7/../../.. CMakeFiles/cmTC_651dd.dir/CMakeCCompilerABI.c.o -lgcc --as-needed -lgcc_s --no-as-needed -lc -lgcc --as-needed -lgcc_s --no-as-needed /opt/gcc/7.3/lib/gcc/x86_64-pc-linux-gnu/7/crtend.o /usr/lib/../lib64/crtn.o]
    arg [/opt/gcc/7.3/libexec/gcc/x86_64-pc-linux-gnu/7/collect2] ==> ignore
    arg [--eh-frame-hdr] ==> ignore
    arg [-m] ==> ignore
    arg [elf_x86_64] ==> ignore
    arg [-export-dynamic] ==> ignore
    arg [-dynamic-linker] ==> ignore
    arg [/lib64/ld-linux-x86-64.so.2] ==> ignore
    arg [-o] ==> ignore
    arg [cmTC_651dd] ==> ignore
    arg [/usr/lib/../lib64/crt1.o] ==> ignore
    arg [/usr/lib/../lib64/crti.o] ==> ignore
    arg [/opt/gcc/7.3/lib/gcc/x86_64-pc-linux-gnu/7/crtbegin.o] ==> ignore
    arg [-L/opt/gcc/7.3/lib64/../lib64] ==> dir [/opt/gcc/7.3/lib64/../lib64]
    arg [-L/opt/gcc/7.3/lib/gcc/x86_64-pc-linux-gnu/7] ==> dir [/opt/gcc/7.3/lib/gcc/x86_64-pc-linux-gnu/7]
    arg [-L/opt/gcc/7.3/lib/gcc/x86_64-pc-linux-gnu/7/../../../../lib64] ==> dir [/opt/gcc/7.3/lib/gcc/x86_64-pc-linux-gnu/7/../../../../lib64]
    arg [-L/lib/../lib64] ==> dir [/lib/../lib64]
    arg [-L/usr/lib/../lib64] ==> dir [/usr/lib/../lib64]
    arg [-L/opt/boost/gnu/1.55.0/lib] ==> dir [/opt/boost/gnu/1.55.0/lib]
    arg [-L/opt/openblas/gnu/0.2.20/lib] ==> dir [/opt/openblas/gnu/0.2.20/lib]
    arg [-L/opt/fftw/gnu/3.3.8/lib] ==> dir [/opt/fftw/gnu/3.3.8/lib]
    arg [-L/opt/openmpi/gnu/3.1.2/lib] ==> dir [/opt/openmpi/gnu/3.1.2/lib]
    arg [-L/opt/intel/composer_xe_2013.4.183/mkl/lib/intel64] ==> dir [/opt/intel/composer_xe_2013.4.183/mkl/lib/intel64]
    arg [-L/opt/gcc/7.3/lib64] ==> dir [/opt/gcc/7.3/lib64]
    arg [-L/opt/curl/7.61/lib] ==> dir [/opt/curl/7.61/lib]
    arg [-L/opt/git/2.11.0/lib] ==> dir [/opt/git/2.11.0/lib]
    arg [-L/opt/python/2.7/lib] ==> dir [/opt/python/2.7/lib]
    arg [-L/opt/python/3.6/lib] ==> dir [/opt/python/3.6/lib]
    arg [-L/opt/gcc/7.3/lib/gcc/x86_64-pc-linux-gnu/7/../../..] ==> dir [/opt/gcc/7.3/lib/gcc/x86_64-pc-linux-gnu/7/../../..]
    arg [CMakeFiles/cmTC_651dd.dir/CMakeCCompilerABI.c.o] ==> ignore
    arg [-lgcc] ==> lib [gcc]
    arg [--as-needed] ==> ignore
    arg [-lgcc_s] ==> lib [gcc_s]
    arg [--no-as-needed] ==> ignore
    arg [-lc] ==> lib [c]
    arg [-lgcc] ==> lib [gcc]
    arg [--as-needed] ==> ignore
    arg [-lgcc_s] ==> lib [gcc_s]
    arg [--no-as-needed] ==> ignore
    arg [/opt/gcc/7.3/lib/gcc/x86_64-pc-linux-gnu/7/crtend.o] ==> ignore
    arg [/usr/lib/../lib64/crtn.o] ==> ignore
  remove lib [gcc]
  remove lib [gcc_s]
  remove lib [gcc]
  remove lib [gcc_s]
  collapse library dir [/opt/gcc/7.3/lib64/../lib64] ==> [/opt/gcc/7.3/lib64]
  collapse library dir [/opt/gcc/7.3/lib/gcc/x86_64-pc-linux-gnu/7] ==> [/opt/gcc/7.3/lib/gcc/x86_64-pc-linux-gnu/7]
  collapse library dir [/opt/gcc/7.3/lib/gcc/x86_64-pc-linux-gnu/7/../../../../lib64] ==> [/opt/gcc/7.3/lib64]
  collapse library dir [/lib/../lib64] ==> [/lib64]
  collapse library dir [/usr/lib/../lib64] ==> [/usr/lib64]
  collapse library dir [/opt/boost/gnu/1.55.0/lib] ==> [/opt/boost/gnu/1.55.0/lib]
  collapse library dir [/opt/openblas/gnu/0.2.20/lib] ==> [/opt/openblas/gnu/0.2.20/lib]
  collapse library dir [/opt/fftw/gnu/3.3.8/lib] ==> [/opt/fftw/gnu/3.3.8/lib]
  collapse library dir [/opt/openmpi/gnu/3.1.2/lib] ==> [/opt/openmpi/gnu/3.1.2/lib]
  collapse library dir [/opt/intel/composer_xe_2013.4.183/mkl/lib/intel64] ==> [/opt/intel/composer_xe_2013.4.183/mkl/lib/intel64]
  collapse library dir [/opt/gcc/7.3/lib64] ==> [/opt/gcc/7.3/lib64]
  collapse library dir [/opt/curl/7.61/lib] ==> [/opt/curl/7.61/lib]
  collapse library dir [/opt/git/2.11.0/lib] ==> [/opt/git/2.11.0/lib]
  collapse library dir [/opt/python/2.7/lib] ==> [/opt/python/2.7/lib]
  collapse library dir [/opt/python/3.6/lib] ==> [/opt/python/3.6/lib]
  collapse library dir [/opt/gcc/7.3/lib/gcc/x86_64-pc-linux-gnu/7/../../..] ==> [/opt/gcc/7.3/lib]
  implicit libs: [c]
  implicit dirs: [/opt/gcc/7.3/lib64;/opt/gcc/7.3/lib/gcc/x86_64-pc-linux-gnu/7;/lib64;/usr/lib64;/opt/boost/gnu/1.55.0/lib;/opt/openblas/gnu/0.2.20/lib;/opt/fftw/gnu/3.3.8/lib;/opt/openmpi/gnu/3.1.2/lib;/opt/intel/composer_xe_2013.4.183/mkl/lib/intel64;/opt/curl/7.61/lib;/opt/git/2.11.0/lib;/opt/python/2.7/lib;/opt/python/3.6/lib;/opt/gcc/7.3/lib]
  implicit fwks: []




Detecting C [-std=c11] compiler features compiled with the following output:
Change Dir: /data/home/jinzx10/playground/cmake/hw2/build/CMakeFiles/CMakeTmp

Run Build Command:"/usr/bin/gmake" "cmTC_54847/fast"
/usr/bin/gmake -f CMakeFiles/cmTC_54847.dir/build.make CMakeFiles/cmTC_54847.dir/build
gmake[1]: Entering directory `/data/home/jinzx10/playground/cmake/hw2/build/CMakeFiles/CMakeTmp'
Building C object CMakeFiles/cmTC_54847.dir/feature_tests.c.o
/opt/gcc/7.3/bin/gcc   -std=c11 -o CMakeFiles/cmTC_54847.dir/feature_tests.c.o   -c /data/home/jinzx10/playground/cmake/hw2/build/CMakeFiles/feature_tests.c
Linking C executable cmTC_54847
/opt/cmake/3.8.0/bin/cmake -E cmake_link_script CMakeFiles/cmTC_54847.dir/link.txt --verbose=1
/opt/gcc/7.3/bin/gcc      -rdynamic CMakeFiles/cmTC_54847.dir/feature_tests.c.o  -o cmTC_54847 
gmake[1]: Leaving directory `/data/home/jinzx10/playground/cmake/hw2/build/CMakeFiles/CMakeTmp'


    Feature record: C_FEATURE:1c_function_prototypes
    Feature record: C_FEATURE:1c_restrict
    Feature record: C_FEATURE:1c_static_assert
    Feature record: C_FEATURE:1c_variadic_macros


Detecting C [-std=c99] compiler features compiled with the following output:
Change Dir: /data/home/jinzx10/playground/cmake/hw2/build/CMakeFiles/CMakeTmp

Run Build Command:"/usr/bin/gmake" "cmTC_88024/fast"
/usr/bin/gmake -f CMakeFiles/cmTC_88024.dir/build.make CMakeFiles/cmTC_88024.dir/build
gmake[1]: Entering directory `/data/home/jinzx10/playground/cmake/hw2/build/CMakeFiles/CMakeTmp'
Building C object CMakeFiles/cmTC_88024.dir/feature_tests.c.o
/opt/gcc/7.3/bin/gcc   -std=c99 -o CMakeFiles/cmTC_88024.dir/feature_tests.c.o   -c /data/home/jinzx10/playground/cmake/hw2/build/CMakeFiles/feature_tests.c
Linking C executable cmTC_88024
/opt/cmake/3.8.0/bin/cmake -E cmake_link_script CMakeFiles/cmTC_88024.dir/link.txt --verbose=1
/opt/gcc/7.3/bin/gcc      -rdynamic CMakeFiles/cmTC_88024.dir/feature_tests.c.o  -o cmTC_88024 
gmake[1]: Leaving directory `/data/home/jinzx10/playground/cmake/hw2/build/CMakeFiles/CMakeTmp'


    Feature record: C_FEATURE:1c_function_prototypes
    Feature record: C_FEATURE:1c_restrict
    Feature record: C_FEATURE:0c_static_assert
    Feature record: C_FEATURE:1c_variadic_macros


Detecting C [-std=c90] compiler features compiled with the following output:
Change Dir: /data/home/jinzx10/playground/cmake/hw2/build/CMakeFiles/CMakeTmp

Run Build Command:"/usr/bin/gmake" "cmTC_fa9d6/fast"
/usr/bin/gmake -f CMakeFiles/cmTC_fa9d6.dir/build.make CMakeFiles/cmTC_fa9d6.dir/build
gmake[1]: Entering directory `/data/home/jinzx10/playground/cmake/hw2/build/CMakeFiles/CMakeTmp'
Building C object CMakeFiles/cmTC_fa9d6.dir/feature_tests.c.o
/opt/gcc/7.3/bin/gcc   -std=c90 -o CMakeFiles/cmTC_fa9d6.dir/feature_tests.c.o   -c /data/home/jinzx10/playground/cmake/hw2/build/CMakeFiles/feature_tests.c
Linking C executable cmTC_fa9d6
/opt/cmake/3.8.0/bin/cmake -E cmake_link_script CMakeFiles/cmTC_fa9d6.dir/link.txt --verbose=1
/opt/gcc/7.3/bin/gcc      -rdynamic CMakeFiles/cmTC_fa9d6.dir/feature_tests.c.o  -o cmTC_fa9d6 
gmake[1]: Leaving directory `/data/home/jinzx10/playground/cmake/hw2/build/CMakeFiles/CMakeTmp'


    Feature record: C_FEATURE:1c_function_prototypes
    Feature record: C_FEATURE:0c_restrict
    Feature record: C_FEATURE:0c_static_assert
    Feature record: C_FEATURE:0c_variadic_macros
Determining if the CXX compiler works passed with the following output:
Change Dir: /data/home/jinzx10/playground/cmake/hw2/build/CMakeFiles/CMakeTmp

Run Build Command:"/usr/bin/gmake" "cmTC_a1c35/fast"
/usr/bin/gmake -f CMakeFiles/cmTC_a1c35.dir/build.make CMakeFiles/cmTC_a1c35.dir/build
gmake[1]: Entering directory `/data/home/jinzx10/playground/cmake/hw2/build/CMakeFiles/CMakeTmp'
Building CXX object CMakeFiles/cmTC_a1c35.dir/testCXXCompiler.cxx.o
/opt/gcc/7.3/bin/g++     -o CMakeFiles/cmTC_a1c35.dir/testCXXCompiler.cxx.o -c /data/home/jinzx10/playground/cmake/hw2/build/CMakeFiles/CMakeTmp/testCXXCompiler.cxx
Linking CXX executable cmTC_a1c35
/opt/cmake/3.8.0/bin/cmake -E cmake_link_script CMakeFiles/cmTC_a1c35.dir/link.txt --verbose=1
/opt/gcc/7.3/bin/g++       -rdynamic CMakeFiles/cmTC_a1c35.dir/testCXXCompiler.cxx.o  -o cmTC_a1c35 
gmake[1]: Leaving directory `/data/home/jinzx10/playground/cmake/hw2/build/CMakeFiles/CMakeTmp'


Detecting CXX compiler ABI info compiled with the following output:
Change Dir: /data/home/jinzx10/playground/cmake/hw2/build/CMakeFiles/CMakeTmp

Run Build Command:"/usr/bin/gmake" "cmTC_76fa6/fast"
/usr/bin/gmake -f CMakeFiles/cmTC_76fa6.dir/build.make CMakeFiles/cmTC_76fa6.dir/build
gmake[1]: Entering directory `/data/home/jinzx10/playground/cmake/hw2/build/CMakeFiles/CMakeTmp'
Building CXX object CMakeFiles/cmTC_76fa6.dir/CMakeCXXCompilerABI.cpp.o
/opt/gcc/7.3/bin/g++     -o CMakeFiles/cmTC_76fa6.dir/CMakeCXXCompilerABI.cpp.o -c /opt/cmake/3.8.0/share/cmake-3.8/Modules/CMakeCXXCompilerABI.cpp
Linking CXX executable cmTC_76fa6
/opt/cmake/3.8.0/bin/cmake -E cmake_link_script CMakeFiles/cmTC_76fa6.dir/link.txt --verbose=1
/opt/gcc/7.3/bin/g++      -v -rdynamic CMakeFiles/cmTC_76fa6.dir/CMakeCXXCompilerABI.cpp.o  -o cmTC_76fa6 
Using built-in specs.
COLLECT_GCC=/opt/gcc/7.3/bin/g++
COLLECT_LTO_WRAPPER=/opt/gcc/7.3/libexec/gcc/x86_64-pc-linux-gnu/7/lto-wrapper
Target: x86_64-pc-linux-gnu
Configured with: ../configure --prefix=/opt/gcc/7.3 --enable-shared --enable-threads=posix --enable-checking=release --enable-languages=c,c++,fortran --with-gcc-major-version-only CC=/usr/bin/gcc CXX=/usr/bin/g++
Thread model: posix
gcc version 7.3.0 (GCC) 
COMPILER_PATH=/opt/gcc/7.3/libexec/gcc/x86_64-pc-linux-gnu/7/:/opt/gcc/7.3/libexec/gcc/x86_64-pc-linux-gnu/7/:/opt/gcc/7.3/libexec/gcc/x86_64-pc-linux-gnu/:/opt/gcc/7.3/lib/gcc/x86_64-pc-linux-gnu/7/:/opt/gcc/7.3/lib/gcc/x86_64-pc-linux-gnu/
LIBRARY_PATH=/opt/gcc/7.3/lib64/../lib64/:/opt/gcc/7.3/lib/gcc/x86_64-pc-linux-gnu/7/:/opt/gcc/7.3/lib/gcc/x86_64-pc-linux-gnu/7/../../../../lib64/:/lib/../lib64/:/usr/lib/../lib64/:/opt/boost/gnu/1.55.0/lib/:/opt/openblas/gnu/0.2.20/lib/:/opt/fftw/gnu/3.3.8/lib/:/opt/openmpi/gnu/3.1.2/lib/:/opt/intel/composer_xe_2013.4.183/mkl/lib/intel64/:/opt/gcc/7.3/lib64/:/opt/curl/7.61/lib/:/opt/git/2.11.0/lib/:/opt/python/2.7/lib/:/opt/python/3.6/lib/:/opt/gcc/7.3/lib/gcc/x86_64-pc-linux-gnu/7/../../../:/lib/:/usr/lib/
COLLECT_GCC_OPTIONS='-v' '-rdynamic' '-o' 'cmTC_76fa6' '-shared-libgcc' '-mtune=generic' '-march=x86-64'
 /opt/gcc/7.3/libexec/gcc/x86_64-pc-linux-gnu/7/collect2 --eh-frame-hdr -m elf_x86_64 -export-dynamic -dynamic-linker /lib64/ld-linux-x86-64.so.2 -o cmTC_76fa6 /usr/lib/../lib64/crt1.o /usr/lib/../lib64/crti.o /opt/gcc/7.3/lib/gcc/x86_64-pc-linux-gnu/7/crtbegin.o -L/opt/gcc/7.3/lib64/../lib64 -L/opt/gcc/7.3/lib/gcc/x86_64-pc-linux-gnu/7 -L/opt/gcc/7.3/lib/gcc/x86_64-pc-linux-gnu/7/../../../../lib64 -L/lib/../lib64 -L/usr/lib/../lib64 -L/opt/boost/gnu/1.55.0/lib -L/opt/openblas/gnu/0.2.20/lib -L/opt/fftw/gnu/3.3.8/lib -L/opt/openmpi/gnu/3.1.2/lib -L/opt/intel/composer_xe_2013.4.183/mkl/lib/intel64 -L/opt/gcc/7.3/lib64 -L/opt/curl/7.61/lib -L/opt/git/2.11.0/lib -L/opt/python/2.7/lib -L/opt/python/3.6/lib -L/opt/gcc/7.3/lib/gcc/x86_64-pc-linux-gnu/7/../../.. CMakeFiles/cmTC_76fa6.dir/CMakeCXXCompilerABI.cpp.o -lstdc++ -lm -lgcc_s -lgcc -lc -lgcc_s -lgcc /opt/gcc/7.3/lib/gcc/x86_64-pc-linux-gnu/7/crtend.o /usr/lib/../lib64/crtn.o
COLLECT_GCC_OPTIONS='-v' '-rdynamic' '-o' 'cmTC_76fa6' '-shared-libgcc' '-mtune=generic' '-march=x86-64'
gmake[1]: Leaving directory `/data/home/jinzx10/playground/cmake/hw2/build/CMakeFiles/CMakeTmp'


Parsed CXX implicit link information from above output:
  link line regex: [^( *|.*[/\])(ld|([^/\]+-)?ld|collect2)[^/\]*( |$)]
  ignore line: [Change Dir: /data/home/jinzx10/playground/cmake/hw2/build/CMakeFiles/CMakeTmp]
  ignore line: []
  ignore line: [Run Build Command:"/usr/bin/gmake" "cmTC_76fa6/fast"]
  ignore line: [/usr/bin/gmake -f CMakeFiles/cmTC_76fa6.dir/build.make CMakeFiles/cmTC_76fa6.dir/build]
  ignore line: [gmake[1]: Entering directory `/data/home/jinzx10/playground/cmake/hw2/build/CMakeFiles/CMakeTmp']
  ignore line: [Building CXX object CMakeFiles/cmTC_76fa6.dir/CMakeCXXCompilerABI.cpp.o]
  ignore line: [/opt/gcc/7.3/bin/g++     -o CMakeFiles/cmTC_76fa6.dir/CMakeCXXCompilerABI.cpp.o -c /opt/cmake/3.8.0/share/cmake-3.8/Modules/CMakeCXXCompilerABI.cpp]
  ignore line: [Linking CXX executable cmTC_76fa6]
  ignore line: [/opt/cmake/3.8.0/bin/cmake -E cmake_link_script CMakeFiles/cmTC_76fa6.dir/link.txt --verbose=1]
  ignore line: [/opt/gcc/7.3/bin/g++      -v -rdynamic CMakeFiles/cmTC_76fa6.dir/CMakeCXXCompilerABI.cpp.o  -o cmTC_76fa6 ]
  ignore line: [Using built-in specs.]
  ignore line: [COLLECT_GCC=/opt/gcc/7.3/bin/g++]
  ignore line: [COLLECT_LTO_WRAPPER=/opt/gcc/7.3/libexec/gcc/x86_64-pc-linux-gnu/7/lto-wrapper]
  ignore line: [Target: x86_64-pc-linux-gnu]
  ignore line: [Configured with: ../configure --prefix=/opt/gcc/7.3 --enable-shared --enable-threads=posix --enable-checking=release --enable-languages=c,c++,fortran --with-gcc-major-version-only CC=/usr/bin/gcc CXX=/usr/bin/g++]
  ignore line: [Thread model: posix]
  ignore line: [gcc version 7.3.0 (GCC) ]
  ignore line: [COMPILER_PATH=/opt/gcc/7.3/libexec/gcc/x86_64-pc-linux-gnu/7/:/opt/gcc/7.3/libexec/gcc/x86_64-pc-linux-gnu/7/:/opt/gcc/7.3/libexec/gcc/x86_64-pc-linux-gnu/:/opt/gcc/7.3/lib/gcc/x86_64-pc-linux-gnu/7/:/opt/gcc/7.3/lib/gcc/x86_64-pc-linux-gnu/]
  ignore line: [LIBRARY_PATH=/opt/gcc/7.3/lib64/../lib64/:/opt/gcc/7.3/lib/gcc/x86_64-pc-linux-gnu/7/:/opt/gcc/7.3/lib/gcc/x86_64-pc-linux-gnu/7/../../../../lib64/:/lib/../lib64/:/usr/lib/../lib64/:/opt/boost/gnu/1.55.0/lib/:/opt/openblas/gnu/0.2.20/lib/:/opt/fftw/gnu/3.3.8/lib/:/opt/openmpi/gnu/3.1.2/lib/:/opt/intel/composer_xe_2013.4.183/mkl/lib/intel64/:/opt/gcc/7.3/lib64/:/opt/curl/7.61/lib/:/opt/git/2.11.0/lib/:/opt/python/2.7/lib/:/opt/python/3.6/lib/:/opt/gcc/7.3/lib/gcc/x86_64-pc-linux-gnu/7/../../../:/lib/:/usr/lib/]
  ignore line: [COLLECT_GCC_OPTIONS='-v' '-rdynamic' '-o' 'cmTC_76fa6' '-shared-libgcc' '-mtune=generic' '-march=x86-64']
  link line: [ /opt/gcc/7.3/libexec/gcc/x86_64-pc-linux-gnu/7/collect2 --eh-frame-hdr -m elf_x86_64 -export-dynamic -dynamic-linker /lib64/ld-linux-x86-64.so.2 -o cmTC_76fa6 /usr/lib/../lib64/crt1.o /usr/lib/../lib64/crti.o /opt/gcc/7.3/lib/gcc/x86_64-pc-linux-gnu/7/crtbegin.o -L/opt/gcc/7.3/lib64/../lib64 -L/opt/gcc/7.3/lib/gcc/x86_64-pc-linux-gnu/7 -L/opt/gcc/7.3/lib/gcc/x86_64-pc-linux-gnu/7/../../../../lib64 -L/lib/../lib64 -L/usr/lib/../lib64 -L/opt/boost/gnu/1.55.0/lib -L/opt/openblas/gnu/0.2.20/lib -L/opt/fftw/gnu/3.3.8/lib -L/opt/openmpi/gnu/3.1.2/lib -L/opt/intel/composer_xe_2013.4.183/mkl/lib/intel64 -L/opt/gcc/7.3/lib64 -L/opt/curl/7.61/lib -L/opt/git/2.11.0/lib -L/opt/python/2.7/lib -L/opt/python/3.6/lib -L/opt/gcc/7.3/lib/gcc/x86_64-pc-linux-gnu/7/../../.. CMakeFiles/cmTC_76fa6.dir/CMakeCXXCompilerABI.cpp.o -lstdc++ -lm -lgcc_s -lgcc -lc -lgcc_s -lgcc /opt/gcc/7.3/lib/gcc/x86_64-pc-linux-gnu/7/crtend.o /usr/lib/../lib64/crtn.o]
    arg [/opt/gcc/7.3/libexec/gcc/x86_64-pc-linux-gnu/7/collect2] ==> ignore
    arg [--eh-frame-hdr] ==> ignore
    arg [-m] ==> ignore
    arg [elf_x86_64] ==> ignore
    arg [-export-dynamic] ==> ignore
    arg [-dynamic-linker] ==> ignore
    arg [/lib64/ld-linux-x86-64.so.2] ==> ignore
    arg [-o] ==> ignore
    arg [cmTC_76fa6] ==> ignore
    arg [/usr/lib/../lib64/crt1.o] ==> ignore
    arg [/usr/lib/../lib64/crti.o] ==> ignore
    arg [/opt/gcc/7.3/lib/gcc/x86_64-pc-linux-gnu/7/crtbegin.o] ==> ignore
    arg [-L/opt/gcc/7.3/lib64/../lib64] ==> dir [/opt/gcc/7.3/lib64/../lib64]
    arg [-L/opt/gcc/7.3/lib/gcc/x86_64-pc-linux-gnu/7] ==> dir [/opt/gcc/7.3/lib/gcc/x86_64-pc-linux-gnu/7]
    arg [-L/opt/gcc/7.3/lib/gcc/x86_64-pc-linux-gnu/7/../../../../lib64] ==> dir [/opt/gcc/7.3/lib/gcc/x86_64-pc-linux-gnu/7/../../../../lib64]
    arg [-L/lib/../lib64] ==> dir [/lib/../lib64]
    arg [-L/usr/lib/../lib64] ==> dir [/usr/lib/../lib64]
    arg [-L/opt/boost/gnu/1.55.0/lib] ==> dir [/opt/boost/gnu/1.55.0/lib]
    arg [-L/opt/openblas/gnu/0.2.20/lib] ==> dir [/opt/openblas/gnu/0.2.20/lib]
    arg [-L/opt/fftw/gnu/3.3.8/lib] ==> dir [/opt/fftw/gnu/3.3.8/lib]
    arg [-L/opt/openmpi/gnu/3.1.2/lib] ==> dir [/opt/openmpi/gnu/3.1.2/lib]
    arg [-L/opt/intel/composer_xe_2013.4.183/mkl/lib/intel64] ==> dir [/opt/intel/composer_xe_2013.4.183/mkl/lib/intel64]
    arg [-L/opt/gcc/7.3/lib64] ==> dir [/opt/gcc/7.3/lib64]
    arg [-L/opt/curl/7.61/lib] ==> dir [/opt/curl/7.61/lib]
    arg [-L/opt/git/2.11.0/lib] ==> dir [/opt/git/2.11.0/lib]
    arg [-L/opt/python/2.7/lib] ==> dir [/opt/python/2.7/lib]
    arg [-L/opt/python/3.6/lib] ==> dir [/opt/python/3.6/lib]
    arg [-L/opt/gcc/7.3/lib/gcc/x86_64-pc-linux-gnu/7/../../..] ==> dir [/opt/gcc/7.3/lib/gcc/x86_64-pc-linux-gnu/7/../../..]
    arg [CMakeFiles/cmTC_76fa6.dir/CMakeCXXCompilerABI.cpp.o] ==> ignore
    arg [-lstdc++] ==> lib [stdc++]
    arg [-lm] ==> lib [m]
    arg [-lgcc_s] ==> lib [gcc_s]
    arg [-lgcc] ==> lib [gcc]
    arg [-lc] ==> lib [c]
    arg [-lgcc_s] ==> lib [gcc_s]
    arg [-lgcc] ==> lib [gcc]
    arg [/opt/gcc/7.3/lib/gcc/x86_64-pc-linux-gnu/7/crtend.o] ==> ignore
    arg [/usr/lib/../lib64/crtn.o] ==> ignore
  remove lib [gcc_s]
  remove lib [gcc]
  remove lib [gcc_s]
  remove lib [gcc]
  collapse library dir [/opt/gcc/7.3/lib64/../lib64] ==> [/opt/gcc/7.3/lib64]
  collapse library dir [/opt/gcc/7.3/lib/gcc/x86_64-pc-linux-gnu/7] ==> [/opt/gcc/7.3/lib/gcc/x86_64-pc-linux-gnu/7]
  collapse library dir [/opt/gcc/7.3/lib/gcc/x86_64-pc-linux-gnu/7/../../../../lib64] ==> [/opt/gcc/7.3/lib64]
  collapse library dir [/lib/../lib64] ==> [/lib64]
  collapse library dir [/usr/lib/../lib64] ==> [/usr/lib64]
  collapse library dir [/opt/boost/gnu/1.55.0/lib] ==> [/opt/boost/gnu/1.55.0/lib]
  collapse library dir [/opt/openblas/gnu/0.2.20/lib] ==> [/opt/openblas/gnu/0.2.20/lib]
  collapse library dir [/opt/fftw/gnu/3.3.8/lib] ==> [/opt/fftw/gnu/3.3.8/lib]
  collapse library dir [/opt/openmpi/gnu/3.1.2/lib] ==> [/opt/openmpi/gnu/3.1.2/lib]
  collapse library dir [/opt/intel/composer_xe_2013.4.183/mkl/lib/intel64] ==> [/opt/intel/composer_xe_2013.4.183/mkl/lib/intel64]
  collapse library dir [/opt/gcc/7.3/lib64] ==> [/opt/gcc/7.3/lib64]
  collapse library dir [/opt/curl/7.61/lib] ==> [/opt/curl/7.61/lib]
  collapse library dir [/opt/git/2.11.0/lib] ==> [/opt/git/2.11.0/lib]
  collapse library dir [/opt/python/2.7/lib] ==> [/opt/python/2.7/lib]
  collapse library dir [/opt/python/3.6/lib] ==> [/opt/python/3.6/lib]
  collapse library dir [/opt/gcc/7.3/lib/gcc/x86_64-pc-linux-gnu/7/../../..] ==> [/opt/gcc/7.3/lib]
  implicit libs: [stdc++;m;c]
  implicit dirs: [/opt/gcc/7.3/lib64;/opt/gcc/7.3/lib/gcc/x86_64-pc-linux-gnu/7;/lib64;/usr/lib64;/opt/boost/gnu/1.55.0/lib;/opt/openblas/gnu/0.2.20/lib;/opt/fftw/gnu/3.3.8/lib;/opt/openmpi/gnu/3.1.2/lib;/opt/intel/composer_xe_2013.4.183/mkl/lib/intel64;/opt/curl/7.61/lib;/opt/git/2.11.0/lib;/opt/python/2.7/lib;/opt/python/3.6/lib;/opt/gcc/7.3/lib]
  implicit fwks: []




Detecting CXX [-std=c++1z] compiler features compiled with the following output:
Change Dir: /data/home/jinzx10/playground/cmake/hw2/build/CMakeFiles/CMakeTmp

Run Build Command:"/usr/bin/gmake" "cmTC_e1258/fast"
/usr/bin/gmake -f CMakeFiles/cmTC_e1258.dir/build.make CMakeFiles/cmTC_e1258.dir/build
gmake[1]: Entering directory `/data/home/jinzx10/playground/cmake/hw2/build/CMakeFiles/CMakeTmp'
Building CXX object CMakeFiles/cmTC_e1258.dir/feature_tests.cxx.o
/opt/gcc/7.3/bin/g++    -std=c++1z -o CMakeFiles/cmTC_e1258.dir/feature_tests.cxx.o -c /data/home/jinzx10/playground/cmake/hw2/build/CMakeFiles/feature_tests.cxx
Linking CXX executable cmTC_e1258
/opt/cmake/3.8.0/bin/cmake -E cmake_link_script CMakeFiles/cmTC_e1258.dir/link.txt --verbose=1
/opt/gcc/7.3/bin/g++       -rdynamic CMakeFiles/cmTC_e1258.dir/feature_tests.cxx.o  -o cmTC_e1258 
gmake[1]: Leaving directory `/data/home/jinzx10/playground/cmake/hw2/build/CMakeFiles/CMakeTmp'


    Feature record: CXX_FEATURE:1cxx_aggregate_default_initializers
    Feature record: CXX_FEATURE:1cxx_alias_templates
    Feature record: CXX_FEATURE:1cxx_alignas
    Feature record: CXX_FEATURE:1cxx_alignof
    Feature record: CXX_FEATURE:1cxx_attributes
    Feature record: CXX_FEATURE:1cxx_attribute_deprecated
    Feature record: CXX_FEATURE:1cxx_auto_type
    Feature record: CXX_FEATURE:1cxx_binary_literals
    Feature record: CXX_FEATURE:1cxx_constexpr
    Feature record: CXX_FEATURE:1cxx_contextual_conversions
    Feature record: CXX_FEATURE:1cxx_decltype
    Feature record: CXX_FEATURE:1cxx_decltype_auto
    Feature record: CXX_FEATURE:1cxx_decltype_incomplete_return_types
    Feature record: CXX_FEATURE:1cxx_default_function_template_args
    Feature record: CXX_FEATURE:1cxx_defaulted_functions
    Feature record: CXX_FEATURE:1cxx_defaulted_move_initializers
    Feature record: CXX_FEATURE:1cxx_delegating_constructors
    Feature record: CXX_FEATURE:1cxx_deleted_functions
    Feature record: CXX_FEATURE:1cxx_digit_separators
    Feature record: CXX_FEATURE:1cxx_enum_forward_declarations
    Feature record: CXX_FEATURE:1cxx_explicit_conversions
    Feature record: CXX_FEATURE:1cxx_extended_friend_declarations
    Feature record: CXX_FEATURE:1cxx_extern_templates
    Feature record: CXX_FEATURE:1cxx_final
    Feature record: CXX_FEATURE:1cxx_func_identifier
    Feature record: CXX_FEATURE:1cxx_generalized_initializers
    Feature record: CXX_FEATURE:1cxx_generic_lambdas
    Feature record: CXX_FEATURE:1cxx_inheriting_constructors
    Feature record: CXX_FEATURE:1cxx_inline_namespaces
    Feature record: CXX_FEATURE:1cxx_lambdas
    Feature record: CXX_FEATURE:1cxx_lambda_init_captures
    Feature record: CXX_FEATURE:1cxx_local_type_template_args
    Feature record: CXX_FEATURE:1cxx_long_long_type
    Feature record: CXX_FEATURE:1cxx_noexcept
    Feature record: CXX_FEATURE:1cxx_nonstatic_member_init
    Feature record: CXX_FEATURE:1cxx_nullptr
    Feature record: CXX_FEATURE:1cxx_override
    Feature record: CXX_FEATURE:1cxx_range_for
    Feature record: CXX_FEATURE:1cxx_raw_string_literals
    Feature record: CXX_FEATURE:1cxx_reference_qualified_functions
    Feature record: CXX_FEATURE:1cxx_relaxed_constexpr
    Feature record: CXX_FEATURE:1cxx_return_type_deduction
    Feature record: CXX_FEATURE:1cxx_right_angle_brackets
    Feature record: CXX_FEATURE:1cxx_rvalue_references
    Feature record: CXX_FEATURE:1cxx_sizeof_member
    Feature record: CXX_FEATURE:1cxx_static_assert
    Feature record: CXX_FEATURE:1cxx_strong_enums
    Feature record: CXX_FEATURE:1cxx_template_template_parameters
    Feature record: CXX_FEATURE:1cxx_thread_local
    Feature record: CXX_FEATURE:1cxx_trailing_return_types
    Feature record: CXX_FEATURE:1cxx_unicode_literals
    Feature record: CXX_FEATURE:1cxx_uniform_initialization
    Feature record: CXX_FEATURE:1cxx_unrestricted_unions
    Feature record: CXX_FEATURE:1cxx_user_literals
    Feature record: CXX_FEATURE:1cxx_variable_templates
    Feature record: CXX_FEATURE:1cxx_variadic_macros
    Feature record: CXX_FEATURE:1cxx_variadic_templates


Detecting CXX [-std=c++14] compiler features compiled with the following output:
Change Dir: /data/home/jinzx10/playground/cmake/hw2/build/CMakeFiles/CMakeTmp

Run Build Command:"/usr/bin/gmake" "cmTC_2be62/fast"
/usr/bin/gmake -f CMakeFiles/cmTC_2be62.dir/build.make CMakeFiles/cmTC_2be62.dir/build
gmake[1]: Entering directory `/data/home/jinzx10/playground/cmake/hw2/build/CMakeFiles/CMakeTmp'
Building CXX object CMakeFiles/cmTC_2be62.dir/feature_tests.cxx.o
/opt/gcc/7.3/bin/g++    -std=c++14 -o CMakeFiles/cmTC_2be62.dir/feature_tests.cxx.o -c /data/home/jinzx10/playground/cmake/hw2/build/CMakeFiles/feature_tests.cxx
Linking CXX executable cmTC_2be62
/opt/cmake/3.8.0/bin/cmake -E cmake_link_script CMakeFiles/cmTC_2be62.dir/link.txt --verbose=1
/opt/gcc/7.3/bin/g++       -rdynamic CMakeFiles/cmTC_2be62.dir/feature_tests.cxx.o  -o cmTC_2be62 
gmake[1]: Leaving directory `/data/home/jinzx10/playground/cmake/hw2/build/CMakeFiles/CMakeTmp'


    Feature record: CXX_FEATURE:1cxx_aggregate_default_initializers
    Feature record: CXX_FEATURE:1cxx_alias_templates
    Feature record: CXX_FEATURE:1cxx_alignas
    Feature record: CXX_FEATURE:1cxx_alignof
    Feature record: CXX_FEATURE:1cxx_attributes
    Feature record: CXX_FEATURE:1cxx_attribute_deprecated
    Feature record: CXX_FEATURE:1cxx_auto_type
    Feature record: CXX_FEATURE:1cxx_binary_literals
    Feature record: CXX_FEATURE:1cxx_constexpr
    Feature record: CXX_FEATURE:1cxx_contextual_conversions
    Feature record: CXX_FEATURE:1cxx_decltype
    Feature record: CXX_FEATURE:1cxx_decltype_auto
    Feature record: CXX_FEATURE:1cxx_decltype_incomplete_return_types
    Feature record: CXX_FEATURE:1cxx_default_function_template_args
    Feature record: CXX_FEATURE:1cxx_defaulted_functions
    Feature record: CXX_FEATURE:1cxx_defaulted_move_initializers
    Feature record: CXX_FEATURE:1cxx_delegating_constructors
    Feature record: CXX_FEATURE:1cxx_deleted_functions
    Feature record: CXX_FEATURE:1cxx_digit_separators
    Feature record: CXX_FEATURE:1cxx_enum_forward_declarations
    Feature record: CXX_FEATURE:1cxx_explicit_conversions
    Feature record: CXX_FEATURE:1cxx_extended_friend_declarations
    Feature record: CXX_FEATURE:1cxx_extern_templates
    Feature record: CXX_FEATURE:1cxx_final
    Feature record: CXX_FEATURE:1cxx_func_identifier
    Feature record: CXX_FEATURE:1cxx_generalized_initializers
    Feature record: CXX_FEATURE:1cxx_generic_lambdas
    Feature record: CXX_FEATURE:1cxx_inheriting_constructors
    Feature record: CXX_FEATURE:1cxx_inline_namespaces
    Feature record: CXX_FEATURE:1cxx_lambdas
    Feature record: CXX_FEATURE:1cxx_lambda_init_captures
    Feature record: CXX_FEATURE:1cxx_local_type_template_args
    Feature record: CXX_FEATURE:1cxx_long_long_type
    Feature record: CXX_FEATURE:1cxx_noexcept
    Feature record: CXX_FEATURE:1cxx_nonstatic_member_init
    Feature record: CXX_FEATURE:1cxx_nullptr
    Feature record: CXX_FEATURE:1cxx_override
    Feature record: CXX_FEATURE:1cxx_range_for
    Feature record: CXX_FEATURE:1cxx_raw_string_literals
    Feature record: CXX_FEATURE:1cxx_reference_qualified_functions
    Feature record: CXX_FEATURE:1cxx_relaxed_constexpr
    Feature record: CXX_FEATURE:1cxx_return_type_deduction
    Feature record: CXX_FEATURE:1cxx_right_angle_brackets
    Feature record: CXX_FEATURE:1cxx_rvalue_references
    Feature record: CXX_FEATURE:1cxx_sizeof_member
    Feature record: CXX_FEATURE:1cxx_static_assert
    Feature record: CXX_FEATURE:1cxx_strong_enums
    Feature record: CXX_FEATURE:1cxx_template_template_parameters
    Feature record: CXX_FEATURE:1cxx_thread_local
    Feature record: CXX_FEATURE:1cxx_trailing_return_types
    Feature record: CXX_FEATURE:1cxx_unicode_literals
    Feature record: CXX_FEATURE:1cxx_uniform_initialization
    Feature record: CXX_FEATURE:1cxx_unrestricted_unions
    Feature record: CXX_FEATURE:1cxx_user_literals
    Feature record: CXX_FEATURE:1cxx_variable_templates
    Feature record: CXX_FEATURE:1cxx_variadic_macros
    Feature record: CXX_FEATURE:1cxx_variadic_templates


Detecting CXX [-std=c++11] compiler features compiled with the following output:
Change Dir: /data/home/jinzx10/playground/cmake/hw2/build/CMakeFiles/CMakeTmp

Run Build Command:"/usr/bin/gmake" "cmTC_b83b7/fast"
/usr/bin/gmake -f CMakeFiles/cmTC_b83b7.dir/build.make CMakeFiles/cmTC_b83b7.dir/build
gmake[1]: Entering directory `/data/home/jinzx10/playground/cmake/hw2/build/CMakeFiles/CMakeTmp'
Building CXX object CMakeFiles/cmTC_b83b7.dir/feature_tests.cxx.o
/opt/gcc/7.3/bin/g++    -std=c++11 -o CMakeFiles/cmTC_b83b7.dir/feature_tests.cxx.o -c /data/home/jinzx10/playground/cmake/hw2/build/CMakeFiles/feature_tests.cxx
Linking CXX executable cmTC_b83b7
/opt/cmake/3.8.0/bin/cmake -E cmake_link_script CMakeFiles/cmTC_b83b7.dir/link.txt --verbose=1
/opt/gcc/7.3/bin/g++       -rdynamic CMakeFiles/cmTC_b83b7.dir/feature_tests.cxx.o  -o cmTC_b83b7 
gmake[1]: Leaving directory `/data/home/jinzx10/playground/cmake/hw2/build/CMakeFiles/CMakeTmp'


    Feature record: CXX_FEATURE:0cxx_aggregate_default_initializers
    Feature record: CXX_FEATURE:1cxx_alias_templates
    Feature record: CXX_FEATURE:1cxx_alignas
    Feature record: CXX_FEATURE:1cxx_alignof
    Feature record: CXX_FEATURE:1cxx_attributes
    Feature record: CXX_FEATURE:0cxx_attribute_deprecated
    Feature record: CXX_FEATURE:1cxx_auto_type
    Feature record: CXX_FEATURE:0cxx_binary_literals
    Feature record: CXX_FEATURE:1cxx_constexpr
    Feature record: CXX_FEATURE:0cxx_contextual_conversions
    Feature record: CXX_FEATURE:1cxx_decltype
    Feature record: CXX_FEATURE:0cxx_decltype_auto
    Feature record: CXX_FEATURE:1cxx_decltype_incomplete_return_types
    Feature record: CXX_FEATURE:1cxx_default_function_template_args
    Feature record: CXX_FEATURE:1cxx_defaulted_functions
    Feature record: CXX_FEATURE:1cxx_defaulted_move_initializers
    Feature record: CXX_FEATURE:1cxx_delegating_constructors
    Feature record: CXX_FEATURE:1cxx_deleted_functions
    Feature record: CXX_FEATURE:0cxx_digit_separators
    Feature record: CXX_FEATURE:1cxx_enum_forward_declarations
    Feature record: CXX_FEATURE:1cxx_explicit_conversions
    Feature record: CXX_FEATURE:1cxx_extended_friend_declarations
    Feature record: CXX_FEATURE:1cxx_extern_templates
    Feature record: CXX_FEATURE:1cxx_final
    Feature record: CXX_FEATURE:1cxx_func_identifier
    Feature record: CXX_FEATURE:1cxx_generalized_initializers
    Feature record: CXX_FEATURE:0cxx_generic_lambdas
    Feature record: CXX_FEATURE:1cxx_inheriting_constructors
    Feature record: CXX_FEATURE:1cxx_inline_namespaces
    Feature record: CXX_FEATURE:1cxx_lambdas
    Feature record: CXX_FEATURE:0cxx_lambda_init_captures
    Feature record: CXX_FEATURE:1cxx_local_type_template_args
    Feature record: CXX_FEATURE:1cxx_long_long_type
    Feature record: CXX_FEATURE:1cxx_noexcept
    Feature record: CXX_FEATURE:1cxx_nonstatic_member_init
    Feature record: CXX_FEATURE:1cxx_nullptr
    Feature record: CXX_FEATURE:1cxx_override
    Feature record: CXX_FEATURE:1cxx_range_for
    Feature record: CXX_FEATURE:1cxx_raw_string_literals
    Feature record: CXX_FEATURE:1cxx_reference_qualified_functions
    Feature record: CXX_FEATURE:0cxx_relaxed_constexpr
    Feature record: CXX_FEATURE:0cxx_return_type_deduction
    Feature record: CXX_FEATURE:1cxx_right_angle_brackets
    Feature record: CXX_FEATURE:1cxx_rvalue_references
    Feature record: CXX_FEATURE:1cxx_sizeof_member
    Feature record: CXX_FEATURE:1cxx_static_assert
    Feature record: CXX_FEATURE:1cxx_strong_enums
    Feature record: CXX_FEATURE:1cxx_template_template_parameters
    Feature record: CXX_FEATURE:1cxx_thread_local
    Feature record: CXX_FEATURE:1cxx_trailing_return_types
    Feature record: CXX_FEATURE:1cxx_unicode_literals
    Feature record: CXX_FEATURE:1cxx_uniform_initialization
    Feature record: CXX_FEATURE:1cxx_unrestricted_unions
    Feature record: CXX_FEATURE:1cxx_user_literals
    Feature record: CXX_FEATURE:0cxx_variable_templates
    Feature record: CXX_FEATURE:1cxx_variadic_macros
    Feature record: CXX_FEATURE:1cxx_variadic_templates


Detecting CXX [-std=c++98] compiler features compiled with the following output:
Change Dir: /data/home/jinzx10/playground/cmake/hw2/build/CMakeFiles/CMakeTmp

Run Build Command:"/usr/bin/gmake" "cmTC_c8e50/fast"
/usr/bin/gmake -f CMakeFiles/cmTC_c8e50.dir/build.make CMakeFiles/cmTC_c8e50.dir/build
gmake[1]: Entering directory `/data/home/jinzx10/playground/cmake/hw2/build/CMakeFiles/CMakeTmp'
Building CXX object CMakeFiles/cmTC_c8e50.dir/feature_tests.cxx.o
/opt/gcc/7.3/bin/g++    -std=c++98 -o CMakeFiles/cmTC_c8e50.dir/feature_tests.cxx.o -c /data/home/jinzx10/playground/cmake/hw2/build/CMakeFiles/feature_tests.cxx
Linking CXX executable cmTC_c8e50
/opt/cmake/3.8.0/bin/cmake -E cmake_link_script CMakeFiles/cmTC_c8e50.dir/link.txt --verbose=1
/opt/gcc/7.3/bin/g++       -rdynamic CMakeFiles/cmTC_c8e50.dir/feature_tests.cxx.o  -o cmTC_c8e50 
gmake[1]: Leaving directory `/data/home/jinzx10/playground/cmake/hw2/build/CMakeFiles/CMakeTmp'


    Feature record: CXX_FEATURE:0cxx_aggregate_default_initializers
    Feature record: CXX_FEATURE:0cxx_alias_templates
    Feature record: CXX_FEATURE:0cxx_alignas
    Feature record: CXX_FEATURE:0cxx_alignof
    Feature record: CXX_FEATURE:0cxx_attributes
    Feature record: CXX_FEATURE:0cxx_attribute_deprecated
    Feature record: CXX_FEATURE:0cxx_auto_type
    Feature record: CXX_FEATURE:0cxx_binary_literals
    Feature record: CXX_FEATURE:0cxx_constexpr
    Feature record: CXX_FEATURE:0cxx_contextual_conversions
    Feature record: CXX_FEATURE:0cxx_decltype
    Feature record: CXX_FEATURE:0cxx_decltype_auto
    Feature record: CXX_FEATURE:0cxx_decltype_incomplete_return_types
    Feature record: CXX_FEATURE:0cxx_default_function_template_args
    Feature record: CXX_FEATURE:0cxx_defaulted_functions
    Feature record: CXX_FEATURE:0cxx_defaulted_move_initializers
    Feature record: CXX_FEATURE:0cxx_delegating_constructors
    Feature record: CXX_FEATURE:0cxx_deleted_functions
    Feature record: CXX_FEATURE:0cxx_digit_separators
    Feature record: CXX_FEATURE:0cxx_enum_forward_declarations
    Feature record: CXX_FEATURE:0cxx_explicit_conversions
    Feature record: CXX_FEATURE:0cxx_extended_friend_declarations
    Feature record: CXX_FEATURE:0cxx_extern_templates
    Feature record: CXX_FEATURE:0cxx_final
    Feature record: CXX_FEATURE:0cxx_func_identifier
    Feature record: CXX_FEATURE:0cxx_generalized_initializers
    Feature record: CXX_FEATURE:0cxx_generic_lambdas
    Feature record: CXX_FEATURE:0cxx_inheriting_constructors
    Feature record: CXX_FEATURE:0cxx_inline_namespaces
    Feature record: CXX_FEATURE:0cxx_lambdas
    Feature record: CXX_FEATURE:0cxx_lambda_init_captures
    Feature record: CXX_FEATURE:0cxx_local_type_template_args
    Feature record: CXX_FEATURE:0cxx_long_long_type
    Feature record: CXX_FEATURE:0cxx_noexcept
    Feature record: CXX_FEATURE:0cxx_nonstatic_member_init
    Feature record: CXX_FEATURE:0cxx_nullptr
    Feature record: CXX_FEATURE:0cxx_override
    Feature record: CXX_FEATURE:0cxx_range_for
    Feature record: CXX_FEATURE:0cxx_raw_string_literals
    Feature record: CXX_FEATURE:0cxx_reference_qualified_functions
    Feature record: CXX_FEATURE:0cxx_relaxed_constexpr
    Feature record: CXX_FEATURE:0cxx_return_type_deduction
    Feature record: CXX_FEATURE:0cxx_right_angle_brackets
    Feature record: CXX_FEATURE:0cxx_rvalue_references
    Feature record: CXX_FEATURE:0cxx_sizeof_member
    Feature record: CXX_FEATURE:0cxx_static_assert
    Feature record: CXX_FEATURE:0cxx_strong_enums
    Feature record: CXX_FEATURE:1cxx_template_template_parameters
    Feature record: CXX_FEATURE:0cxx_thread_local
    Feature record: CXX_FEATURE:0cxx_trailing_return_types
    Feature record: CXX_FEATURE:0cxx_unicode_literals
    Feature record: CXX_FEATURE:0cxx_uniform_initialization
    Feature record: CXX_FEATURE:0cxx_unrestricted_unions
    Feature record: CXX_FEATURE:0cxx_user_literals
    Feature record: CXX_FEATURE:0cxx_variable_templates
    Feature record: CXX_FEATURE:0cxx_variadic_macros
    Feature record: CXX_FEATURE:0cxx_variadic_templates
