The system is: Linux - 3.10.0-957.el7.x86_64 - x86_64
Compiling the C compiler identification source file "CMakeCCompilerId.c" succeeded.
Compiler: /opt/gcc/8.3/bin/gcc 
Build flags: 
Id flags:  

The output was:
0


Compilation of the C compiler identification source "CMakeCCompilerId.c" produced "a.out"

The C compiler identification is GNU, found in "/home/zuxin/playground/cmake/hw4/build/CMakeFiles/3.14.5/CompilerIdC/a.out"

Compiling the CXX compiler identification source file "CMakeCXXCompilerId.cpp" succeeded.
Compiler: /opt/gcc/8.3/bin/g++ 
Build flags: 
Id flags:  

The output was:
0


Compilation of the CXX compiler identification source "CMakeCXXCompilerId.cpp" produced "a.out"

The CXX compiler identification is GNU, found in "/home/zuxin/playground/cmake/hw4/build/CMakeFiles/3.14.5/CompilerIdCXX/a.out"

Determining if the C compiler works passed with the following output:
Change Dir: /home/zuxin/playground/cmake/hw4/build/CMakeFiles/CMakeTmp

Run Build Command(s):/usr/bin/gmake cmTC_16dc5/fast 
/usr/bin/gmake -f CMakeFiles/cmTC_16dc5.dir/build.make CMakeFiles/cmTC_16dc5.dir/build
gmake[1]: Entering directory `/home/zuxin/playground/cmake/hw4/build/CMakeFiles/CMakeTmp'
Building C object CMakeFiles/cmTC_16dc5.dir/testCCompiler.c.o
/opt/gcc/8.3/bin/gcc    -o CMakeFiles/cmTC_16dc5.dir/testCCompiler.c.o   -c /home/zuxin/playground/cmake/hw4/build/CMakeFiles/CMakeTmp/testCCompiler.c
Linking C executable cmTC_16dc5
/opt/cmake/3.14/bin/cmake -E cmake_link_script CMakeFiles/cmTC_16dc5.dir/link.txt --verbose=1
/opt/gcc/8.3/bin/gcc      -rdynamic CMakeFiles/cmTC_16dc5.dir/testCCompiler.c.o  -o cmTC_16dc5 
gmake[1]: Leaving directory `/home/zuxin/playground/cmake/hw4/build/CMakeFiles/CMakeTmp'


Detecting C compiler ABI info compiled with the following output:
Change Dir: /home/zuxin/playground/cmake/hw4/build/CMakeFiles/CMakeTmp

Run Build Command(s):/usr/bin/gmake cmTC_b8869/fast 
/usr/bin/gmake -f CMakeFiles/cmTC_b8869.dir/build.make CMakeFiles/cmTC_b8869.dir/build
gmake[1]: Entering directory `/home/zuxin/playground/cmake/hw4/build/CMakeFiles/CMakeTmp'
Building C object CMakeFiles/cmTC_b8869.dir/CMakeCCompilerABI.c.o
/opt/gcc/8.3/bin/gcc   -v -o CMakeFiles/cmTC_b8869.dir/CMakeCCompilerABI.c.o   -c /opt/cmake/3.14/share/cmake-3.14/Modules/CMakeCCompilerABI.c
Using built-in specs.
COLLECT_GCC=/opt/gcc/8.3/bin/gcc
Target: x86_64-pc-linux-gnu
Configured with: ../configure --prefix=/opt/gcc/8.3 --enable-shared --enable-threads=posix --enable-checking=release --enable-languages=c,c++,fortran --with-gcc-major-version-only CC=/usr/bin/gcc CXX=/usr/bin/g++
Thread model: posix
gcc version 8.3.0 (GCC) 
COLLECT_GCC_OPTIONS='-v' '-o' 'CMakeFiles/cmTC_b8869.dir/CMakeCCompilerABI.c.o' '-c' '-mtune=generic' '-march=x86-64'
 /opt/gcc/8.3/libexec/gcc/x86_64-pc-linux-gnu/8/cc1 -quiet -v /opt/cmake/3.14/share/cmake-3.14/Modules/CMakeCCompilerABI.c -quiet -dumpbase CMakeCCompilerABI.c -mtune=generic -march=x86-64 -auxbase-strip CMakeFiles/cmTC_b8869.dir/CMakeCCompilerABI.c.o -version -o /tmp/ccrA9lkZ.s
GNU C17 (GCC) version 8.3.0 (x86_64-pc-linux-gnu)
	compiled by GNU C version 8.3.0, GMP version 6.1.0, MPFR version 3.1.4, MPC version 1.0.3, isl version isl-0.18-GMP

GGC heuristics: --param ggc-min-expand=100 --param ggc-min-heapsize=131072
ignoring nonexistent directory "/opt/gcc/8.3/lib/gcc/x86_64-pc-linux-gnu/8/../../../../x86_64-pc-linux-gnu/include"
#include "..." search starts here:
#include <...> search starts here:
 /opt/python/3.7/include/python3.7m
 /opt/python/3.7/include
 /opt/intel/compilers_and_libraries_2019.4.243/linux/mkl/include
 /opt/openmpi/gnu/3.1.4/include
 /opt/armadillo/gnu/9.500.2/include
 /opt/openblas/gnu/0.3.6/include
 /opt/gcc/8.3/include/c++/8/x86_64-pc-linux-gnu
 /opt/gcc/8.3/include/c++/8
 /opt/gcc/8.3/lib/gcc/x86_64-pc-linux-gnu/8/include
 /usr/local/include
 /opt/gcc/8.3/include
 /opt/gcc/8.3/lib/gcc/x86_64-pc-linux-gnu/8/include-fixed
 /usr/include
End of search list.
GNU C17 (GCC) version 8.3.0 (x86_64-pc-linux-gnu)
	compiled by GNU C version 8.3.0, GMP version 6.1.0, MPFR version 3.1.4, MPC version 1.0.3, isl version isl-0.18-GMP

GGC heuristics: --param ggc-min-expand=100 --param ggc-min-heapsize=131072
Compiler executable checksum: a61b4cc08dd3b0e187b318b7b644b704
COLLECT_GCC_OPTIONS='-v' '-o' 'CMakeFiles/cmTC_b8869.dir/CMakeCCompilerABI.c.o' '-c' '-mtune=generic' '-march=x86-64'
 as -v --64 -o CMakeFiles/cmTC_b8869.dir/CMakeCCompilerABI.c.o /tmp/ccrA9lkZ.s
GNU assembler version 2.27 (x86_64-redhat-linux) using BFD version version 2.27-34.base.el7
COMPILER_PATH=/opt/gcc/8.3/libexec/gcc/x86_64-pc-linux-gnu/8/:/opt/gcc/8.3/libexec/gcc/x86_64-pc-linux-gnu/8/:/opt/gcc/8.3/libexec/gcc/x86_64-pc-linux-gnu/:/opt/gcc/8.3/lib/gcc/x86_64-pc-linux-gnu/8/:/opt/gcc/8.3/lib/gcc/x86_64-pc-linux-gnu/
LIBRARY_PATH=/opt/armadillo/gnu/9.500.2/lib64/../lib64/:/opt/openblas/gnu/0.3.6/lib64/../lib64/:/opt/gcc/8.3/libexec/../lib64/:/opt/gcc/8.3/lib64/../lib64/:/opt/gcc/8.3/lib/../lib64/:/opt/gcc/8.3/lib/gcc/x86_64-pc-linux-gnu/8/:/opt/gcc/8.3/lib/gcc/x86_64-pc-linux-gnu/8/../../../../lib64/:/lib/../lib64/:/usr/lib/../lib64/:/opt/python/3.7/lib/:/opt/intel/compilers_and_libraries_2019.4.243/linux/compiler/lib/intel64/:/opt/intel/compilers_and_libraries_2019.4.243/linux/mkl/lib/intel64/:/opt/openmpi/gnu/3.1.4/lib/:/opt/armadillo/gnu/9.500.2/lib64/:/opt/openblas/gnu/0.3.6/lib64/:/opt/scalapack/gnu/2.0.2/lib/:/opt/gcc/8.3/libexec/:/opt/gcc/8.3/lib64/:/opt/gcc/8.3/lib/:/opt/gcc/8.3/lib/gcc/x86_64-pc-linux-gnu/8/../../../:/lib/:/usr/lib/
COLLECT_GCC_OPTIONS='-v' '-o' 'CMakeFiles/cmTC_b8869.dir/CMakeCCompilerABI.c.o' '-c' '-mtune=generic' '-march=x86-64'
Linking C executable cmTC_b8869
/opt/cmake/3.14/bin/cmake -E cmake_link_script CMakeFiles/cmTC_b8869.dir/link.txt --verbose=1
/opt/gcc/8.3/bin/gcc     -v -rdynamic CMakeFiles/cmTC_b8869.dir/CMakeCCompilerABI.c.o  -o cmTC_b8869 
Using built-in specs.
COLLECT_GCC=/opt/gcc/8.3/bin/gcc
COLLECT_LTO_WRAPPER=/opt/gcc/8.3/libexec/gcc/x86_64-pc-linux-gnu/8/lto-wrapper
Target: x86_64-pc-linux-gnu
Configured with: ../configure --prefix=/opt/gcc/8.3 --enable-shared --enable-threads=posix --enable-checking=release --enable-languages=c,c++,fortran --with-gcc-major-version-only CC=/usr/bin/gcc CXX=/usr/bin/g++
Thread model: posix
gcc version 8.3.0 (GCC) 
COMPILER_PATH=/opt/gcc/8.3/libexec/gcc/x86_64-pc-linux-gnu/8/:/opt/gcc/8.3/libexec/gcc/x86_64-pc-linux-gnu/8/:/opt/gcc/8.3/libexec/gcc/x86_64-pc-linux-gnu/:/opt/gcc/8.3/lib/gcc/x86_64-pc-linux-gnu/8/:/opt/gcc/8.3/lib/gcc/x86_64-pc-linux-gnu/
LIBRARY_PATH=/opt/armadillo/gnu/9.500.2/lib64/../lib64/:/opt/openblas/gnu/0.3.6/lib64/../lib64/:/opt/gcc/8.3/libexec/../lib64/:/opt/gcc/8.3/lib64/../lib64/:/opt/gcc/8.3/lib/../lib64/:/opt/gcc/8.3/lib/gcc/x86_64-pc-linux-gnu/8/:/opt/gcc/8.3/lib/gcc/x86_64-pc-linux-gnu/8/../../../../lib64/:/lib/../lib64/:/usr/lib/../lib64/:/opt/python/3.7/lib/:/opt/intel/compilers_and_libraries_2019.4.243/linux/compiler/lib/intel64/:/opt/intel/compilers_and_libraries_2019.4.243/linux/mkl/lib/intel64/:/opt/openmpi/gnu/3.1.4/lib/:/opt/armadillo/gnu/9.500.2/lib64/:/opt/openblas/gnu/0.3.6/lib64/:/opt/scalapack/gnu/2.0.2/lib/:/opt/gcc/8.3/libexec/:/opt/gcc/8.3/lib64/:/opt/gcc/8.3/lib/:/opt/gcc/8.3/lib/gcc/x86_64-pc-linux-gnu/8/../../../:/lib/:/usr/lib/
COLLECT_GCC_OPTIONS='-v' '-rdynamic' '-o' 'cmTC_b8869' '-mtune=generic' '-march=x86-64'
 /opt/gcc/8.3/libexec/gcc/x86_64-pc-linux-gnu/8/collect2 -plugin /opt/gcc/8.3/libexec/gcc/x86_64-pc-linux-gnu/8/liblto_plugin.so -plugin-opt=/opt/gcc/8.3/libexec/gcc/x86_64-pc-linux-gnu/8/lto-wrapper -plugin-opt=-fresolution=/tmp/ccjE7u86.res -plugin-opt=-pass-through=-lgcc -plugin-opt=-pass-through=-lgcc_s -plugin-opt=-pass-through=-lc -plugin-opt=-pass-through=-lgcc -plugin-opt=-pass-through=-lgcc_s --eh-frame-hdr -m elf_x86_64 -export-dynamic -dynamic-linker /lib64/ld-linux-x86-64.so.2 -o cmTC_b8869 /lib/../lib64/crt1.o /lib/../lib64/crti.o /opt/gcc/8.3/lib/gcc/x86_64-pc-linux-gnu/8/crtbegin.o -L/opt/armadillo/gnu/9.500.2/lib64/../lib64 -L/opt/openblas/gnu/0.3.6/lib64/../lib64 -L/opt/gcc/8.3/libexec/../lib64 -L/opt/gcc/8.3/lib64/../lib64 -L/opt/gcc/8.3/lib/../lib64 -L/opt/gcc/8.3/lib/gcc/x86_64-pc-linux-gnu/8 -L/opt/gcc/8.3/lib/gcc/x86_64-pc-linux-gnu/8/../../../../lib64 -L/lib/../lib64 -L/usr/lib/../lib64 -L/opt/python/3.7/lib -L/opt/intel/compilers_and_libraries_2019.4.243/linux/compiler/lib/intel64 -L/opt/intel/compilers_and_libraries_2019.4.243/linux/mkl/lib/intel64 -L/opt/openmpi/gnu/3.1.4/lib -L/opt/armadillo/gnu/9.500.2/lib64 -L/opt/openblas/gnu/0.3.6/lib64 -L/opt/scalapack/gnu/2.0.2/lib -L/opt/gcc/8.3/libexec -L/opt/gcc/8.3/lib64 -L/opt/gcc/8.3/lib -L/opt/gcc/8.3/lib/gcc/x86_64-pc-linux-gnu/8/../../.. CMakeFiles/cmTC_b8869.dir/CMakeCCompilerABI.c.o -lgcc --as-needed -lgcc_s --no-as-needed -lc -lgcc --as-needed -lgcc_s --no-as-needed /opt/gcc/8.3/lib/gcc/x86_64-pc-linux-gnu/8/crtend.o /lib/../lib64/crtn.o
COLLECT_GCC_OPTIONS='-v' '-rdynamic' '-o' 'cmTC_b8869' '-mtune=generic' '-march=x86-64'
gmake[1]: Leaving directory `/home/zuxin/playground/cmake/hw4/build/CMakeFiles/CMakeTmp'


Parsed C implicit include dir info from above output: rv=done
  found start of include info
  found start of implicit include info
    add: [/opt/python/3.7/include/python3.7m]
    add: [/opt/python/3.7/include]
    add: [/opt/intel/compilers_and_libraries_2019.4.243/linux/mkl/include]
    add: [/opt/openmpi/gnu/3.1.4/include]
    add: [/opt/armadillo/gnu/9.500.2/include]
    add: [/opt/openblas/gnu/0.3.6/include]
    add: [/opt/gcc/8.3/include/c++/8/x86_64-pc-linux-gnu]
    add: [/opt/gcc/8.3/include/c++/8]
    add: [/opt/gcc/8.3/lib/gcc/x86_64-pc-linux-gnu/8/include]
    add: [/usr/local/include]
    add: [/opt/gcc/8.3/include]
    add: [/opt/gcc/8.3/lib/gcc/x86_64-pc-linux-gnu/8/include-fixed]
    add: [/usr/include]
  end of search list found
  collapse include dir [/opt/python/3.7/include/python3.7m] ==> [/opt/python/3.7/include/python3.7m]
  collapse include dir [/opt/python/3.7/include] ==> [/opt/python/3.7/include]
  collapse include dir [/opt/intel/compilers_and_libraries_2019.4.243/linux/mkl/include] ==> [/opt/intel/compilers_and_libraries_2019.4.243/linux/mkl/include]
  collapse include dir [/opt/openmpi/gnu/3.1.4/include] ==> [/opt/openmpi/gnu/3.1.4/include]
  collapse include dir [/opt/armadillo/gnu/9.500.2/include] ==> [/opt/armadillo/gnu/9.500.2/include]
  collapse include dir [/opt/openblas/gnu/0.3.6/include] ==> [/opt/openblas/gnu/0.3.6/include]
  collapse include dir [/opt/gcc/8.3/include/c++/8/x86_64-pc-linux-gnu] ==> [/opt/gcc/8.3/include/c++/8/x86_64-pc-linux-gnu]
  collapse include dir [/opt/gcc/8.3/include/c++/8] ==> [/opt/gcc/8.3/include/c++/8]
  collapse include dir [/opt/gcc/8.3/lib/gcc/x86_64-pc-linux-gnu/8/include] ==> [/opt/gcc/8.3/lib/gcc/x86_64-pc-linux-gnu/8/include]
  collapse include dir [/usr/local/include] ==> [/usr/local/include]
  collapse include dir [/opt/gcc/8.3/include] ==> [/opt/gcc/8.3/include]
  collapse include dir [/opt/gcc/8.3/lib/gcc/x86_64-pc-linux-gnu/8/include-fixed] ==> [/opt/gcc/8.3/lib/gcc/x86_64-pc-linux-gnu/8/include-fixed]
  collapse include dir [/usr/include] ==> [/usr/include]
  implicit include dirs: [/opt/python/3.7/include/python3.7m;/opt/python/3.7/include;/opt/intel/compilers_and_libraries_2019.4.243/linux/mkl/include;/opt/openmpi/gnu/3.1.4/include;/opt/armadillo/gnu/9.500.2/include;/opt/openblas/gnu/0.3.6/include;/opt/gcc/8.3/include/c++/8/x86_64-pc-linux-gnu;/opt/gcc/8.3/include/c++/8;/opt/gcc/8.3/lib/gcc/x86_64-pc-linux-gnu/8/include;/usr/local/include;/opt/gcc/8.3/include;/opt/gcc/8.3/lib/gcc/x86_64-pc-linux-gnu/8/include-fixed;/usr/include]


Parsed C implicit link information from above output:
  link line regex: [^( *|.*[/\])(ld|CMAKE_LINK_STARTFILE-NOTFOUND|([^/\]+-)?ld|collect2)[^/\]*( |$)]
  ignore line: [Change Dir: /home/zuxin/playground/cmake/hw4/build/CMakeFiles/CMakeTmp]
  ignore line: []
  ignore line: [Run Build Command(s):/usr/bin/gmake cmTC_b8869/fast ]
  ignore line: [/usr/bin/gmake -f CMakeFiles/cmTC_b8869.dir/build.make CMakeFiles/cmTC_b8869.dir/build]
  ignore line: [gmake[1]: Entering directory `/home/zuxin/playground/cmake/hw4/build/CMakeFiles/CMakeTmp']
  ignore line: [Building C object CMakeFiles/cmTC_b8869.dir/CMakeCCompilerABI.c.o]
  ignore line: [/opt/gcc/8.3/bin/gcc   -v -o CMakeFiles/cmTC_b8869.dir/CMakeCCompilerABI.c.o   -c /opt/cmake/3.14/share/cmake-3.14/Modules/CMakeCCompilerABI.c]
  ignore line: [Using built-in specs.]
  ignore line: [COLLECT_GCC=/opt/gcc/8.3/bin/gcc]
  ignore line: [Target: x86_64-pc-linux-gnu]
  ignore line: [Configured with: ../configure --prefix=/opt/gcc/8.3 --enable-shared --enable-threads=posix --enable-checking=release --enable-languages=c,c++,fortran --with-gcc-major-version-only CC=/usr/bin/gcc CXX=/usr/bin/g++]
  ignore line: [Thread model: posix]
  ignore line: [gcc version 8.3.0 (GCC) ]
  ignore line: [COLLECT_GCC_OPTIONS='-v' '-o' 'CMakeFiles/cmTC_b8869.dir/CMakeCCompilerABI.c.o' '-c' '-mtune=generic' '-march=x86-64']
  ignore line: [ /opt/gcc/8.3/libexec/gcc/x86_64-pc-linux-gnu/8/cc1 -quiet -v /opt/cmake/3.14/share/cmake-3.14/Modules/CMakeCCompilerABI.c -quiet -dumpbase CMakeCCompilerABI.c -mtune=generic -march=x86-64 -auxbase-strip CMakeFiles/cmTC_b8869.dir/CMakeCCompilerABI.c.o -version -o /tmp/ccrA9lkZ.s]
  ignore line: [GNU C17 (GCC) version 8.3.0 (x86_64-pc-linux-gnu)]
  ignore line: [	compiled by GNU C version 8.3.0, GMP version 6.1.0, MPFR version 3.1.4, MPC version 1.0.3, isl version isl-0.18-GMP]
  ignore line: []
  ignore line: [GGC heuristics: --param ggc-min-expand=100 --param ggc-min-heapsize=131072]
  ignore line: [ignoring nonexistent directory "/opt/gcc/8.3/lib/gcc/x86_64-pc-linux-gnu/8/../../../../x86_64-pc-linux-gnu/include"]
  ignore line: [#include "..." search starts here:]
  ignore line: [#include <...> search starts here:]
  ignore line: [ /opt/python/3.7/include/python3.7m]
  ignore line: [ /opt/python/3.7/include]
  ignore line: [ /opt/intel/compilers_and_libraries_2019.4.243/linux/mkl/include]
  ignore line: [ /opt/openmpi/gnu/3.1.4/include]
  ignore line: [ /opt/armadillo/gnu/9.500.2/include]
  ignore line: [ /opt/openblas/gnu/0.3.6/include]
  ignore line: [ /opt/gcc/8.3/include/c++/8/x86_64-pc-linux-gnu]
  ignore line: [ /opt/gcc/8.3/include/c++/8]
  ignore line: [ /opt/gcc/8.3/lib/gcc/x86_64-pc-linux-gnu/8/include]
  ignore line: [ /usr/local/include]
  ignore line: [ /opt/gcc/8.3/include]
  ignore line: [ /opt/gcc/8.3/lib/gcc/x86_64-pc-linux-gnu/8/include-fixed]
  ignore line: [ /usr/include]
  ignore line: [End of search list.]
  ignore line: [GNU C17 (GCC) version 8.3.0 (x86_64-pc-linux-gnu)]
  ignore line: [	compiled by GNU C version 8.3.0, GMP version 6.1.0, MPFR version 3.1.4, MPC version 1.0.3, isl version isl-0.18-GMP]
  ignore line: []
  ignore line: [GGC heuristics: --param ggc-min-expand=100 --param ggc-min-heapsize=131072]
  ignore line: [Compiler executable checksum: a61b4cc08dd3b0e187b318b7b644b704]
  ignore line: [COLLECT_GCC_OPTIONS='-v' '-o' 'CMakeFiles/cmTC_b8869.dir/CMakeCCompilerABI.c.o' '-c' '-mtune=generic' '-march=x86-64']
  ignore line: [ as -v --64 -o CMakeFiles/cmTC_b8869.dir/CMakeCCompilerABI.c.o /tmp/ccrA9lkZ.s]
  ignore line: [GNU assembler version 2.27 (x86_64-redhat-linux) using BFD version version 2.27-34.base.el7]
  ignore line: [COMPILER_PATH=/opt/gcc/8.3/libexec/gcc/x86_64-pc-linux-gnu/8/:/opt/gcc/8.3/libexec/gcc/x86_64-pc-linux-gnu/8/:/opt/gcc/8.3/libexec/gcc/x86_64-pc-linux-gnu/:/opt/gcc/8.3/lib/gcc/x86_64-pc-linux-gnu/8/:/opt/gcc/8.3/lib/gcc/x86_64-pc-linux-gnu/]
  ignore line: [LIBRARY_PATH=/opt/armadillo/gnu/9.500.2/lib64/../lib64/:/opt/openblas/gnu/0.3.6/lib64/../lib64/:/opt/gcc/8.3/libexec/../lib64/:/opt/gcc/8.3/lib64/../lib64/:/opt/gcc/8.3/lib/../lib64/:/opt/gcc/8.3/lib/gcc/x86_64-pc-linux-gnu/8/:/opt/gcc/8.3/lib/gcc/x86_64-pc-linux-gnu/8/../../../../lib64/:/lib/../lib64/:/usr/lib/../lib64/:/opt/python/3.7/lib/:/opt/intel/compilers_and_libraries_2019.4.243/linux/compiler/lib/intel64/:/opt/intel/compilers_and_libraries_2019.4.243/linux/mkl/lib/intel64/:/opt/openmpi/gnu/3.1.4/lib/:/opt/armadillo/gnu/9.500.2/lib64/:/opt/openblas/gnu/0.3.6/lib64/:/opt/scalapack/gnu/2.0.2/lib/:/opt/gcc/8.3/libexec/:/opt/gcc/8.3/lib64/:/opt/gcc/8.3/lib/:/opt/gcc/8.3/lib/gcc/x86_64-pc-linux-gnu/8/../../../:/lib/:/usr/lib/]
  ignore line: [COLLECT_GCC_OPTIONS='-v' '-o' 'CMakeFiles/cmTC_b8869.dir/CMakeCCompilerABI.c.o' '-c' '-mtune=generic' '-march=x86-64']
  ignore line: [Linking C executable cmTC_b8869]
  ignore line: [/opt/cmake/3.14/bin/cmake -E cmake_link_script CMakeFiles/cmTC_b8869.dir/link.txt --verbose=1]
  ignore line: [/opt/gcc/8.3/bin/gcc     -v -rdynamic CMakeFiles/cmTC_b8869.dir/CMakeCCompilerABI.c.o  -o cmTC_b8869 ]
  ignore line: [Using built-in specs.]
  ignore line: [COLLECT_GCC=/opt/gcc/8.3/bin/gcc]
  ignore line: [COLLECT_LTO_WRAPPER=/opt/gcc/8.3/libexec/gcc/x86_64-pc-linux-gnu/8/lto-wrapper]
  ignore line: [Target: x86_64-pc-linux-gnu]
  ignore line: [Configured with: ../configure --prefix=/opt/gcc/8.3 --enable-shared --enable-threads=posix --enable-checking=release --enable-languages=c,c++,fortran --with-gcc-major-version-only CC=/usr/bin/gcc CXX=/usr/bin/g++]
  ignore line: [Thread model: posix]
  ignore line: [gcc version 8.3.0 (GCC) ]
  ignore line: [COMPILER_PATH=/opt/gcc/8.3/libexec/gcc/x86_64-pc-linux-gnu/8/:/opt/gcc/8.3/libexec/gcc/x86_64-pc-linux-gnu/8/:/opt/gcc/8.3/libexec/gcc/x86_64-pc-linux-gnu/:/opt/gcc/8.3/lib/gcc/x86_64-pc-linux-gnu/8/:/opt/gcc/8.3/lib/gcc/x86_64-pc-linux-gnu/]
  ignore line: [LIBRARY_PATH=/opt/armadillo/gnu/9.500.2/lib64/../lib64/:/opt/openblas/gnu/0.3.6/lib64/../lib64/:/opt/gcc/8.3/libexec/../lib64/:/opt/gcc/8.3/lib64/../lib64/:/opt/gcc/8.3/lib/../lib64/:/opt/gcc/8.3/lib/gcc/x86_64-pc-linux-gnu/8/:/opt/gcc/8.3/lib/gcc/x86_64-pc-linux-gnu/8/../../../../lib64/:/lib/../lib64/:/usr/lib/../lib64/:/opt/python/3.7/lib/:/opt/intel/compilers_and_libraries_2019.4.243/linux/compiler/lib/intel64/:/opt/intel/compilers_and_libraries_2019.4.243/linux/mkl/lib/intel64/:/opt/openmpi/gnu/3.1.4/lib/:/opt/armadillo/gnu/9.500.2/lib64/:/opt/openblas/gnu/0.3.6/lib64/:/opt/scalapack/gnu/2.0.2/lib/:/opt/gcc/8.3/libexec/:/opt/gcc/8.3/lib64/:/opt/gcc/8.3/lib/:/opt/gcc/8.3/lib/gcc/x86_64-pc-linux-gnu/8/../../../:/lib/:/usr/lib/]
  ignore line: [COLLECT_GCC_OPTIONS='-v' '-rdynamic' '-o' 'cmTC_b8869' '-mtune=generic' '-march=x86-64']
  link line: [ /opt/gcc/8.3/libexec/gcc/x86_64-pc-linux-gnu/8/collect2 -plugin /opt/gcc/8.3/libexec/gcc/x86_64-pc-linux-gnu/8/liblto_plugin.so -plugin-opt=/opt/gcc/8.3/libexec/gcc/x86_64-pc-linux-gnu/8/lto-wrapper -plugin-opt=-fresolution=/tmp/ccjE7u86.res -plugin-opt=-pass-through=-lgcc -plugin-opt=-pass-through=-lgcc_s -plugin-opt=-pass-through=-lc -plugin-opt=-pass-through=-lgcc -plugin-opt=-pass-through=-lgcc_s --eh-frame-hdr -m elf_x86_64 -export-dynamic -dynamic-linker /lib64/ld-linux-x86-64.so.2 -o cmTC_b8869 /lib/../lib64/crt1.o /lib/../lib64/crti.o /opt/gcc/8.3/lib/gcc/x86_64-pc-linux-gnu/8/crtbegin.o -L/opt/armadillo/gnu/9.500.2/lib64/../lib64 -L/opt/openblas/gnu/0.3.6/lib64/../lib64 -L/opt/gcc/8.3/libexec/../lib64 -L/opt/gcc/8.3/lib64/../lib64 -L/opt/gcc/8.3/lib/../lib64 -L/opt/gcc/8.3/lib/gcc/x86_64-pc-linux-gnu/8 -L/opt/gcc/8.3/lib/gcc/x86_64-pc-linux-gnu/8/../../../../lib64 -L/lib/../lib64 -L/usr/lib/../lib64 -L/opt/python/3.7/lib -L/opt/intel/compilers_and_libraries_2019.4.243/linux/compiler/lib/intel64 -L/opt/intel/compilers_and_libraries_2019.4.243/linux/mkl/lib/intel64 -L/opt/openmpi/gnu/3.1.4/lib -L/opt/armadillo/gnu/9.500.2/lib64 -L/opt/openblas/gnu/0.3.6/lib64 -L/opt/scalapack/gnu/2.0.2/lib -L/opt/gcc/8.3/libexec -L/opt/gcc/8.3/lib64 -L/opt/gcc/8.3/lib -L/opt/gcc/8.3/lib/gcc/x86_64-pc-linux-gnu/8/../../.. CMakeFiles/cmTC_b8869.dir/CMakeCCompilerABI.c.o -lgcc --as-needed -lgcc_s --no-as-needed -lc -lgcc --as-needed -lgcc_s --no-as-needed /opt/gcc/8.3/lib/gcc/x86_64-pc-linux-gnu/8/crtend.o /lib/../lib64/crtn.o]
    arg [/opt/gcc/8.3/libexec/gcc/x86_64-pc-linux-gnu/8/collect2] ==> ignore
    arg [-plugin] ==> ignore
    arg [/opt/gcc/8.3/libexec/gcc/x86_64-pc-linux-gnu/8/liblto_plugin.so] ==> ignore
    arg [-plugin-opt=/opt/gcc/8.3/libexec/gcc/x86_64-pc-linux-gnu/8/lto-wrapper] ==> ignore
    arg [-plugin-opt=-fresolution=/tmp/ccjE7u86.res] ==> ignore
    arg [-plugin-opt=-pass-through=-lgcc] ==> ignore
    arg [-plugin-opt=-pass-through=-lgcc_s] ==> ignore
    arg [-plugin-opt=-pass-through=-lc] ==> ignore
    arg [-plugin-opt=-pass-through=-lgcc] ==> ignore
    arg [-plugin-opt=-pass-through=-lgcc_s] ==> ignore
    arg [--eh-frame-hdr] ==> ignore
    arg [-m] ==> ignore
    arg [elf_x86_64] ==> ignore
    arg [-export-dynamic] ==> ignore
    arg [-dynamic-linker] ==> ignore
    arg [/lib64/ld-linux-x86-64.so.2] ==> ignore
    arg [-o] ==> ignore
    arg [cmTC_b8869] ==> ignore
    arg [/lib/../lib64/crt1.o] ==> ignore
    arg [/lib/../lib64/crti.o] ==> ignore
    arg [/opt/gcc/8.3/lib/gcc/x86_64-pc-linux-gnu/8/crtbegin.o] ==> ignore
    arg [-L/opt/armadillo/gnu/9.500.2/lib64/../lib64] ==> dir [/opt/armadillo/gnu/9.500.2/lib64/../lib64]
    arg [-L/opt/openblas/gnu/0.3.6/lib64/../lib64] ==> dir [/opt/openblas/gnu/0.3.6/lib64/../lib64]
    arg [-L/opt/gcc/8.3/libexec/../lib64] ==> dir [/opt/gcc/8.3/libexec/../lib64]
    arg [-L/opt/gcc/8.3/lib64/../lib64] ==> dir [/opt/gcc/8.3/lib64/../lib64]
    arg [-L/opt/gcc/8.3/lib/../lib64] ==> dir [/opt/gcc/8.3/lib/../lib64]
    arg [-L/opt/gcc/8.3/lib/gcc/x86_64-pc-linux-gnu/8] ==> dir [/opt/gcc/8.3/lib/gcc/x86_64-pc-linux-gnu/8]
    arg [-L/opt/gcc/8.3/lib/gcc/x86_64-pc-linux-gnu/8/../../../../lib64] ==> dir [/opt/gcc/8.3/lib/gcc/x86_64-pc-linux-gnu/8/../../../../lib64]
    arg [-L/lib/../lib64] ==> dir [/lib/../lib64]
    arg [-L/usr/lib/../lib64] ==> dir [/usr/lib/../lib64]
    arg [-L/opt/python/3.7/lib] ==> dir [/opt/python/3.7/lib]
    arg [-L/opt/intel/compilers_and_libraries_2019.4.243/linux/compiler/lib/intel64] ==> dir [/opt/intel/compilers_and_libraries_2019.4.243/linux/compiler/lib/intel64]
    arg [-L/opt/intel/compilers_and_libraries_2019.4.243/linux/mkl/lib/intel64] ==> dir [/opt/intel/compilers_and_libraries_2019.4.243/linux/mkl/lib/intel64]
    arg [-L/opt/openmpi/gnu/3.1.4/lib] ==> dir [/opt/openmpi/gnu/3.1.4/lib]
    arg [-L/opt/armadillo/gnu/9.500.2/lib64] ==> dir [/opt/armadillo/gnu/9.500.2/lib64]
    arg [-L/opt/openblas/gnu/0.3.6/lib64] ==> dir [/opt/openblas/gnu/0.3.6/lib64]
    arg [-L/opt/scalapack/gnu/2.0.2/lib] ==> dir [/opt/scalapack/gnu/2.0.2/lib]
    arg [-L/opt/gcc/8.3/libexec] ==> dir [/opt/gcc/8.3/libexec]
    arg [-L/opt/gcc/8.3/lib64] ==> dir [/opt/gcc/8.3/lib64]
    arg [-L/opt/gcc/8.3/lib] ==> dir [/opt/gcc/8.3/lib]
    arg [-L/opt/gcc/8.3/lib/gcc/x86_64-pc-linux-gnu/8/../../..] ==> dir [/opt/gcc/8.3/lib/gcc/x86_64-pc-linux-gnu/8/../../..]
    arg [CMakeFiles/cmTC_b8869.dir/CMakeCCompilerABI.c.o] ==> ignore
    arg [-lgcc] ==> lib [gcc]
    arg [--as-needed] ==> ignore
    arg [-lgcc_s] ==> lib [gcc_s]
    arg [--no-as-needed] ==> ignore
    arg [-lc] ==> lib [c]
    arg [-lgcc] ==> lib [gcc]
    arg [--as-needed] ==> ignore
    arg [-lgcc_s] ==> lib [gcc_s]
    arg [--no-as-needed] ==> ignore
    arg [/opt/gcc/8.3/lib/gcc/x86_64-pc-linux-gnu/8/crtend.o] ==> ignore
    arg [/lib/../lib64/crtn.o] ==> ignore
  collapse library dir [/opt/armadillo/gnu/9.500.2/lib64/../lib64] ==> [/opt/armadillo/gnu/9.500.2/lib64]
  collapse library dir [/opt/openblas/gnu/0.3.6/lib64/../lib64] ==> [/opt/openblas/gnu/0.3.6/lib64]
  collapse library dir [/opt/gcc/8.3/libexec/../lib64] ==> [/opt/gcc/8.3/lib64]
  collapse library dir [/opt/gcc/8.3/lib64/../lib64] ==> [/opt/gcc/8.3/lib64]
  collapse library dir [/opt/gcc/8.3/lib/../lib64] ==> [/opt/gcc/8.3/lib64]
  collapse library dir [/opt/gcc/8.3/lib/gcc/x86_64-pc-linux-gnu/8] ==> [/opt/gcc/8.3/lib/gcc/x86_64-pc-linux-gnu/8]
  collapse library dir [/opt/gcc/8.3/lib/gcc/x86_64-pc-linux-gnu/8/../../../../lib64] ==> [/opt/gcc/8.3/lib64]
  collapse library dir [/lib/../lib64] ==> [/lib64]
  collapse library dir [/usr/lib/../lib64] ==> [/usr/lib64]
  collapse library dir [/opt/python/3.7/lib] ==> [/opt/python/3.7/lib]
  collapse library dir [/opt/intel/compilers_and_libraries_2019.4.243/linux/compiler/lib/intel64] ==> [/opt/intel/compilers_and_libraries_2019.4.243/linux/compiler/lib/intel64]
  collapse library dir [/opt/intel/compilers_and_libraries_2019.4.243/linux/mkl/lib/intel64] ==> [/opt/intel/compilers_and_libraries_2019.4.243/linux/mkl/lib/intel64]
  collapse library dir [/opt/openmpi/gnu/3.1.4/lib] ==> [/opt/openmpi/gnu/3.1.4/lib]
  collapse library dir [/opt/armadillo/gnu/9.500.2/lib64] ==> [/opt/armadillo/gnu/9.500.2/lib64]
  collapse library dir [/opt/openblas/gnu/0.3.6/lib64] ==> [/opt/openblas/gnu/0.3.6/lib64]
  collapse library dir [/opt/scalapack/gnu/2.0.2/lib] ==> [/opt/scalapack/gnu/2.0.2/lib]
  collapse library dir [/opt/gcc/8.3/libexec] ==> [/opt/gcc/8.3/libexec]
  collapse library dir [/opt/gcc/8.3/lib64] ==> [/opt/gcc/8.3/lib64]
  collapse library dir [/opt/gcc/8.3/lib] ==> [/opt/gcc/8.3/lib]
  collapse library dir [/opt/gcc/8.3/lib/gcc/x86_64-pc-linux-gnu/8/../../..] ==> [/opt/gcc/8.3/lib]
  implicit libs: [gcc;gcc_s;c;gcc;gcc_s]
  implicit dirs: [/opt/armadillo/gnu/9.500.2/lib64;/opt/openblas/gnu/0.3.6/lib64;/opt/gcc/8.3/lib64;/opt/gcc/8.3/lib/gcc/x86_64-pc-linux-gnu/8;/lib64;/usr/lib64;/opt/python/3.7/lib;/opt/intel/compilers_and_libraries_2019.4.243/linux/compiler/lib/intel64;/opt/intel/compilers_and_libraries_2019.4.243/linux/mkl/lib/intel64;/opt/openmpi/gnu/3.1.4/lib;/opt/scalapack/gnu/2.0.2/lib;/opt/gcc/8.3/libexec;/opt/gcc/8.3/lib]
  implicit fwks: []




Detecting C [-std=c11] compiler features compiled with the following output:
Change Dir: /home/zuxin/playground/cmake/hw4/build/CMakeFiles/CMakeTmp

Run Build Command(s):/usr/bin/gmake cmTC_0f174/fast 
/usr/bin/gmake -f CMakeFiles/cmTC_0f174.dir/build.make CMakeFiles/cmTC_0f174.dir/build
gmake[1]: Entering directory `/home/zuxin/playground/cmake/hw4/build/CMakeFiles/CMakeTmp'
Building C object CMakeFiles/cmTC_0f174.dir/feature_tests.c.o
/opt/gcc/8.3/bin/gcc   -std=c11 -o CMakeFiles/cmTC_0f174.dir/feature_tests.c.o   -c /home/zuxin/playground/cmake/hw4/build/CMakeFiles/feature_tests.c
Linking C executable cmTC_0f174
/opt/cmake/3.14/bin/cmake -E cmake_link_script CMakeFiles/cmTC_0f174.dir/link.txt --verbose=1
/opt/gcc/8.3/bin/gcc      -rdynamic CMakeFiles/cmTC_0f174.dir/feature_tests.c.o  -o cmTC_0f174 
gmake[1]: Leaving directory `/home/zuxin/playground/cmake/hw4/build/CMakeFiles/CMakeTmp'


    Feature record: C_FEATURE:1c_function_prototypes
    Feature record: C_FEATURE:1c_restrict
    Feature record: C_FEATURE:1c_static_assert
    Feature record: C_FEATURE:1c_variadic_macros


Detecting C [-std=c99] compiler features compiled with the following output:
Change Dir: /home/zuxin/playground/cmake/hw4/build/CMakeFiles/CMakeTmp

Run Build Command(s):/usr/bin/gmake cmTC_01257/fast 
/usr/bin/gmake -f CMakeFiles/cmTC_01257.dir/build.make CMakeFiles/cmTC_01257.dir/build
gmake[1]: Entering directory `/home/zuxin/playground/cmake/hw4/build/CMakeFiles/CMakeTmp'
Building C object CMakeFiles/cmTC_01257.dir/feature_tests.c.o
/opt/gcc/8.3/bin/gcc   -std=c99 -o CMakeFiles/cmTC_01257.dir/feature_tests.c.o   -c /home/zuxin/playground/cmake/hw4/build/CMakeFiles/feature_tests.c
Linking C executable cmTC_01257
/opt/cmake/3.14/bin/cmake -E cmake_link_script CMakeFiles/cmTC_01257.dir/link.txt --verbose=1
/opt/gcc/8.3/bin/gcc      -rdynamic CMakeFiles/cmTC_01257.dir/feature_tests.c.o  -o cmTC_01257 
gmake[1]: Leaving directory `/home/zuxin/playground/cmake/hw4/build/CMakeFiles/CMakeTmp'


    Feature record: C_FEATURE:1c_function_prototypes
    Feature record: C_FEATURE:1c_restrict
    Feature record: C_FEATURE:0c_static_assert
    Feature record: C_FEATURE:1c_variadic_macros


Detecting C [-std=c90] compiler features compiled with the following output:
Change Dir: /home/zuxin/playground/cmake/hw4/build/CMakeFiles/CMakeTmp

Run Build Command(s):/usr/bin/gmake cmTC_c96c4/fast 
/usr/bin/gmake -f CMakeFiles/cmTC_c96c4.dir/build.make CMakeFiles/cmTC_c96c4.dir/build
gmake[1]: Entering directory `/home/zuxin/playground/cmake/hw4/build/CMakeFiles/CMakeTmp'
Building C object CMakeFiles/cmTC_c96c4.dir/feature_tests.c.o
/opt/gcc/8.3/bin/gcc   -std=c90 -o CMakeFiles/cmTC_c96c4.dir/feature_tests.c.o   -c /home/zuxin/playground/cmake/hw4/build/CMakeFiles/feature_tests.c
Linking C executable cmTC_c96c4
/opt/cmake/3.14/bin/cmake -E cmake_link_script CMakeFiles/cmTC_c96c4.dir/link.txt --verbose=1
/opt/gcc/8.3/bin/gcc      -rdynamic CMakeFiles/cmTC_c96c4.dir/feature_tests.c.o  -o cmTC_c96c4 
gmake[1]: Leaving directory `/home/zuxin/playground/cmake/hw4/build/CMakeFiles/CMakeTmp'


    Feature record: C_FEATURE:1c_function_prototypes
    Feature record: C_FEATURE:0c_restrict
    Feature record: C_FEATURE:0c_static_assert
    Feature record: C_FEATURE:0c_variadic_macros
Determining if the CXX compiler works passed with the following output:
Change Dir: /home/zuxin/playground/cmake/hw4/build/CMakeFiles/CMakeTmp

Run Build Command(s):/usr/bin/gmake cmTC_d564c/fast 
/usr/bin/gmake -f CMakeFiles/cmTC_d564c.dir/build.make CMakeFiles/cmTC_d564c.dir/build
gmake[1]: Entering directory `/home/zuxin/playground/cmake/hw4/build/CMakeFiles/CMakeTmp'
Building CXX object CMakeFiles/cmTC_d564c.dir/testCXXCompiler.cxx.o
/opt/gcc/8.3/bin/g++     -o CMakeFiles/cmTC_d564c.dir/testCXXCompiler.cxx.o -c /home/zuxin/playground/cmake/hw4/build/CMakeFiles/CMakeTmp/testCXXCompiler.cxx
Linking CXX executable cmTC_d564c
/opt/cmake/3.14/bin/cmake -E cmake_link_script CMakeFiles/cmTC_d564c.dir/link.txt --verbose=1
/opt/gcc/8.3/bin/g++       -rdynamic CMakeFiles/cmTC_d564c.dir/testCXXCompiler.cxx.o  -o cmTC_d564c 
gmake[1]: Leaving directory `/home/zuxin/playground/cmake/hw4/build/CMakeFiles/CMakeTmp'


Detecting CXX compiler ABI info compiled with the following output:
Change Dir: /home/zuxin/playground/cmake/hw4/build/CMakeFiles/CMakeTmp

Run Build Command(s):/usr/bin/gmake cmTC_7affb/fast 
/usr/bin/gmake -f CMakeFiles/cmTC_7affb.dir/build.make CMakeFiles/cmTC_7affb.dir/build
gmake[1]: Entering directory `/home/zuxin/playground/cmake/hw4/build/CMakeFiles/CMakeTmp'
Building CXX object CMakeFiles/cmTC_7affb.dir/CMakeCXXCompilerABI.cpp.o
/opt/gcc/8.3/bin/g++    -v -o CMakeFiles/cmTC_7affb.dir/CMakeCXXCompilerABI.cpp.o -c /opt/cmake/3.14/share/cmake-3.14/Modules/CMakeCXXCompilerABI.cpp
Using built-in specs.
COLLECT_GCC=/opt/gcc/8.3/bin/g++
Target: x86_64-pc-linux-gnu
Configured with: ../configure --prefix=/opt/gcc/8.3 --enable-shared --enable-threads=posix --enable-checking=release --enable-languages=c,c++,fortran --with-gcc-major-version-only CC=/usr/bin/gcc CXX=/usr/bin/g++
Thread model: posix
gcc version 8.3.0 (GCC) 
COLLECT_GCC_OPTIONS='-v' '-o' 'CMakeFiles/cmTC_7affb.dir/CMakeCXXCompilerABI.cpp.o' '-c' '-shared-libgcc' '-mtune=generic' '-march=x86-64'
 /opt/gcc/8.3/libexec/gcc/x86_64-pc-linux-gnu/8/cc1plus -quiet -v -D_GNU_SOURCE /opt/cmake/3.14/share/cmake-3.14/Modules/CMakeCXXCompilerABI.cpp -quiet -dumpbase CMakeCXXCompilerABI.cpp -mtune=generic -march=x86-64 -auxbase-strip CMakeFiles/cmTC_7affb.dir/CMakeCXXCompilerABI.cpp.o -version -o /tmp/ccO5iDuT.s
GNU C++14 (GCC) version 8.3.0 (x86_64-pc-linux-gnu)
	compiled by GNU C version 8.3.0, GMP version 6.1.0, MPFR version 3.1.4, MPC version 1.0.3, isl version isl-0.18-GMP

GGC heuristics: --param ggc-min-expand=100 --param ggc-min-heapsize=131072
ignoring nonexistent directory "/opt/gcc/8.3/lib/gcc/x86_64-pc-linux-gnu/8/../../../../x86_64-pc-linux-gnu/include"
ignoring duplicate directory "/opt/gcc/8.3/include/c++/8/x86_64-pc-linux-gnu"
  as it is a non-system directory that duplicates a system directory
ignoring duplicate directory "/opt/gcc/8.3/include/c++/8"
  as it is a non-system directory that duplicates a system directory
#include "..." search starts here:
#include <...> search starts here:
 /opt/python/3.7/include/python3.7m
 /opt/python/3.7/include
 /opt/intel/compilers_and_libraries_2019.4.243/linux/mkl/include
 /opt/openmpi/gnu/3.1.4/include
 /opt/armadillo/gnu/9.500.2/include
 /opt/openblas/gnu/0.3.6/include
 /opt/gcc/8.3/lib/gcc/x86_64-pc-linux-gnu/8/../../../../include/c++/8
 /opt/gcc/8.3/lib/gcc/x86_64-pc-linux-gnu/8/../../../../include/c++/8/x86_64-pc-linux-gnu
 /opt/gcc/8.3/lib/gcc/x86_64-pc-linux-gnu/8/../../../../include/c++/8/backward
 /opt/gcc/8.3/lib/gcc/x86_64-pc-linux-gnu/8/include
 /usr/local/include
 /opt/gcc/8.3/include
 /opt/gcc/8.3/lib/gcc/x86_64-pc-linux-gnu/8/include-fixed
 /usr/include
End of search list.
GNU C++14 (GCC) version 8.3.0 (x86_64-pc-linux-gnu)
	compiled by GNU C version 8.3.0, GMP version 6.1.0, MPFR version 3.1.4, MPC version 1.0.3, isl version isl-0.18-GMP

GGC heuristics: --param ggc-min-expand=100 --param ggc-min-heapsize=131072
Compiler executable checksum: 8efff0185302c5fac564f65115622ccc
COLLECT_GCC_OPTIONS='-v' '-o' 'CMakeFiles/cmTC_7affb.dir/CMakeCXXCompilerABI.cpp.o' '-c' '-shared-libgcc' '-mtune=generic' '-march=x86-64'
 as -v --64 -o CMakeFiles/cmTC_7affb.dir/CMakeCXXCompilerABI.cpp.o /tmp/ccO5iDuT.s
GNU assembler version 2.27 (x86_64-redhat-linux) using BFD version version 2.27-34.base.el7
COMPILER_PATH=/opt/gcc/8.3/libexec/gcc/x86_64-pc-linux-gnu/8/:/opt/gcc/8.3/libexec/gcc/x86_64-pc-linux-gnu/8/:/opt/gcc/8.3/libexec/gcc/x86_64-pc-linux-gnu/:/opt/gcc/8.3/lib/gcc/x86_64-pc-linux-gnu/8/:/opt/gcc/8.3/lib/gcc/x86_64-pc-linux-gnu/
LIBRARY_PATH=/opt/armadillo/gnu/9.500.2/lib64/../lib64/:/opt/openblas/gnu/0.3.6/lib64/../lib64/:/opt/gcc/8.3/libexec/../lib64/:/opt/gcc/8.3/lib64/../lib64/:/opt/gcc/8.3/lib/../lib64/:/opt/gcc/8.3/lib/gcc/x86_64-pc-linux-gnu/8/:/opt/gcc/8.3/lib/gcc/x86_64-pc-linux-gnu/8/../../../../lib64/:/lib/../lib64/:/usr/lib/../lib64/:/opt/python/3.7/lib/:/opt/intel/compilers_and_libraries_2019.4.243/linux/compiler/lib/intel64/:/opt/intel/compilers_and_libraries_2019.4.243/linux/mkl/lib/intel64/:/opt/openmpi/gnu/3.1.4/lib/:/opt/armadillo/gnu/9.500.2/lib64/:/opt/openblas/gnu/0.3.6/lib64/:/opt/scalapack/gnu/2.0.2/lib/:/opt/gcc/8.3/libexec/:/opt/gcc/8.3/lib64/:/opt/gcc/8.3/lib/:/opt/gcc/8.3/lib/gcc/x86_64-pc-linux-gnu/8/../../../:/lib/:/usr/lib/
COLLECT_GCC_OPTIONS='-v' '-o' 'CMakeFiles/cmTC_7affb.dir/CMakeCXXCompilerABI.cpp.o' '-c' '-shared-libgcc' '-mtune=generic' '-march=x86-64'
Linking CXX executable cmTC_7affb
/opt/cmake/3.14/bin/cmake -E cmake_link_script CMakeFiles/cmTC_7affb.dir/link.txt --verbose=1
/opt/gcc/8.3/bin/g++      -v -rdynamic CMakeFiles/cmTC_7affb.dir/CMakeCXXCompilerABI.cpp.o  -o cmTC_7affb 
Using built-in specs.
COLLECT_GCC=/opt/gcc/8.3/bin/g++
COLLECT_LTO_WRAPPER=/opt/gcc/8.3/libexec/gcc/x86_64-pc-linux-gnu/8/lto-wrapper
Target: x86_64-pc-linux-gnu
Configured with: ../configure --prefix=/opt/gcc/8.3 --enable-shared --enable-threads=posix --enable-checking=release --enable-languages=c,c++,fortran --with-gcc-major-version-only CC=/usr/bin/gcc CXX=/usr/bin/g++
Thread model: posix
gcc version 8.3.0 (GCC) 
COMPILER_PATH=/opt/gcc/8.3/libexec/gcc/x86_64-pc-linux-gnu/8/:/opt/gcc/8.3/libexec/gcc/x86_64-pc-linux-gnu/8/:/opt/gcc/8.3/libexec/gcc/x86_64-pc-linux-gnu/:/opt/gcc/8.3/lib/gcc/x86_64-pc-linux-gnu/8/:/opt/gcc/8.3/lib/gcc/x86_64-pc-linux-gnu/
LIBRARY_PATH=/opt/armadillo/gnu/9.500.2/lib64/../lib64/:/opt/openblas/gnu/0.3.6/lib64/../lib64/:/opt/gcc/8.3/libexec/../lib64/:/opt/gcc/8.3/lib64/../lib64/:/opt/gcc/8.3/lib/../lib64/:/opt/gcc/8.3/lib/gcc/x86_64-pc-linux-gnu/8/:/opt/gcc/8.3/lib/gcc/x86_64-pc-linux-gnu/8/../../../../lib64/:/lib/../lib64/:/usr/lib/../lib64/:/opt/python/3.7/lib/:/opt/intel/compilers_and_libraries_2019.4.243/linux/compiler/lib/intel64/:/opt/intel/compilers_and_libraries_2019.4.243/linux/mkl/lib/intel64/:/opt/openmpi/gnu/3.1.4/lib/:/opt/armadillo/gnu/9.500.2/lib64/:/opt/openblas/gnu/0.3.6/lib64/:/opt/scalapack/gnu/2.0.2/lib/:/opt/gcc/8.3/libexec/:/opt/gcc/8.3/lib64/:/opt/gcc/8.3/lib/:/opt/gcc/8.3/lib/gcc/x86_64-pc-linux-gnu/8/../../../:/lib/:/usr/lib/
COLLECT_GCC_OPTIONS='-v' '-rdynamic' '-o' 'cmTC_7affb' '-shared-libgcc' '-mtune=generic' '-march=x86-64'
 /opt/gcc/8.3/libexec/gcc/x86_64-pc-linux-gnu/8/collect2 -plugin /opt/gcc/8.3/libexec/gcc/x86_64-pc-linux-gnu/8/liblto_plugin.so -plugin-opt=/opt/gcc/8.3/libexec/gcc/x86_64-pc-linux-gnu/8/lto-wrapper -plugin-opt=-fresolution=/tmp/ccZDDtf4.res -plugin-opt=-pass-through=-lgcc_s -plugin-opt=-pass-through=-lgcc -plugin-opt=-pass-through=-lc -plugin-opt=-pass-through=-lgcc_s -plugin-opt=-pass-through=-lgcc --eh-frame-hdr -m elf_x86_64 -export-dynamic -dynamic-linker /lib64/ld-linux-x86-64.so.2 -o cmTC_7affb /lib/../lib64/crt1.o /lib/../lib64/crti.o /opt/gcc/8.3/lib/gcc/x86_64-pc-linux-gnu/8/crtbegin.o -L/opt/armadillo/gnu/9.500.2/lib64/../lib64 -L/opt/openblas/gnu/0.3.6/lib64/../lib64 -L/opt/gcc/8.3/libexec/../lib64 -L/opt/gcc/8.3/lib64/../lib64 -L/opt/gcc/8.3/lib/../lib64 -L/opt/gcc/8.3/lib/gcc/x86_64-pc-linux-gnu/8 -L/opt/gcc/8.3/lib/gcc/x86_64-pc-linux-gnu/8/../../../../lib64 -L/lib/../lib64 -L/usr/lib/../lib64 -L/opt/python/3.7/lib -L/opt/intel/compilers_and_libraries_2019.4.243/linux/compiler/lib/intel64 -L/opt/intel/compilers_and_libraries_2019.4.243/linux/mkl/lib/intel64 -L/opt/openmpi/gnu/3.1.4/lib -L/opt/armadillo/gnu/9.500.2/lib64 -L/opt/openblas/gnu/0.3.6/lib64 -L/opt/scalapack/gnu/2.0.2/lib -L/opt/gcc/8.3/libexec -L/opt/gcc/8.3/lib64 -L/opt/gcc/8.3/lib -L/opt/gcc/8.3/lib/gcc/x86_64-pc-linux-gnu/8/../../.. CMakeFiles/cmTC_7affb.dir/CMakeCXXCompilerABI.cpp.o -lstdc++ -lm -lgcc_s -lgcc -lc -lgcc_s -lgcc /opt/gcc/8.3/lib/gcc/x86_64-pc-linux-gnu/8/crtend.o /lib/../lib64/crtn.o
COLLECT_GCC_OPTIONS='-v' '-rdynamic' '-o' 'cmTC_7affb' '-shared-libgcc' '-mtune=generic' '-march=x86-64'
gmake[1]: Leaving directory `/home/zuxin/playground/cmake/hw4/build/CMakeFiles/CMakeTmp'


Parsed CXX implicit include dir info from above output: rv=done
  found start of include info
  found start of implicit include info
    add: [/opt/python/3.7/include/python3.7m]
    add: [/opt/python/3.7/include]
    add: [/opt/intel/compilers_and_libraries_2019.4.243/linux/mkl/include]
    add: [/opt/openmpi/gnu/3.1.4/include]
    add: [/opt/armadillo/gnu/9.500.2/include]
    add: [/opt/openblas/gnu/0.3.6/include]
    add: [/opt/gcc/8.3/lib/gcc/x86_64-pc-linux-gnu/8/../../../../include/c++/8]
    add: [/opt/gcc/8.3/lib/gcc/x86_64-pc-linux-gnu/8/../../../../include/c++/8/x86_64-pc-linux-gnu]
    add: [/opt/gcc/8.3/lib/gcc/x86_64-pc-linux-gnu/8/../../../../include/c++/8/backward]
    add: [/opt/gcc/8.3/lib/gcc/x86_64-pc-linux-gnu/8/include]
    add: [/usr/local/include]
    add: [/opt/gcc/8.3/include]
    add: [/opt/gcc/8.3/lib/gcc/x86_64-pc-linux-gnu/8/include-fixed]
    add: [/usr/include]
  end of search list found
  collapse include dir [/opt/python/3.7/include/python3.7m] ==> [/opt/python/3.7/include/python3.7m]
  collapse include dir [/opt/python/3.7/include] ==> [/opt/python/3.7/include]
  collapse include dir [/opt/intel/compilers_and_libraries_2019.4.243/linux/mkl/include] ==> [/opt/intel/compilers_and_libraries_2019.4.243/linux/mkl/include]
  collapse include dir [/opt/openmpi/gnu/3.1.4/include] ==> [/opt/openmpi/gnu/3.1.4/include]
  collapse include dir [/opt/armadillo/gnu/9.500.2/include] ==> [/opt/armadillo/gnu/9.500.2/include]
  collapse include dir [/opt/openblas/gnu/0.3.6/include] ==> [/opt/openblas/gnu/0.3.6/include]
  collapse include dir [/opt/gcc/8.3/lib/gcc/x86_64-pc-linux-gnu/8/../../../../include/c++/8] ==> [/opt/gcc/8.3/include/c++/8]
  collapse include dir [/opt/gcc/8.3/lib/gcc/x86_64-pc-linux-gnu/8/../../../../include/c++/8/x86_64-pc-linux-gnu] ==> [/opt/gcc/8.3/include/c++/8/x86_64-pc-linux-gnu]
  collapse include dir [/opt/gcc/8.3/lib/gcc/x86_64-pc-linux-gnu/8/../../../../include/c++/8/backward] ==> [/opt/gcc/8.3/include/c++/8/backward]
  collapse include dir [/opt/gcc/8.3/lib/gcc/x86_64-pc-linux-gnu/8/include] ==> [/opt/gcc/8.3/lib/gcc/x86_64-pc-linux-gnu/8/include]
  collapse include dir [/usr/local/include] ==> [/usr/local/include]
  collapse include dir [/opt/gcc/8.3/include] ==> [/opt/gcc/8.3/include]
  collapse include dir [/opt/gcc/8.3/lib/gcc/x86_64-pc-linux-gnu/8/include-fixed] ==> [/opt/gcc/8.3/lib/gcc/x86_64-pc-linux-gnu/8/include-fixed]
  collapse include dir [/usr/include] ==> [/usr/include]
  implicit include dirs: [/opt/python/3.7/include/python3.7m;/opt/python/3.7/include;/opt/intel/compilers_and_libraries_2019.4.243/linux/mkl/include;/opt/openmpi/gnu/3.1.4/include;/opt/armadillo/gnu/9.500.2/include;/opt/openblas/gnu/0.3.6/include;/opt/gcc/8.3/include/c++/8;/opt/gcc/8.3/include/c++/8/x86_64-pc-linux-gnu;/opt/gcc/8.3/include/c++/8/backward;/opt/gcc/8.3/lib/gcc/x86_64-pc-linux-gnu/8/include;/usr/local/include;/opt/gcc/8.3/include;/opt/gcc/8.3/lib/gcc/x86_64-pc-linux-gnu/8/include-fixed;/usr/include]


Parsed CXX implicit link information from above output:
  link line regex: [^( *|.*[/\])(ld|CMAKE_LINK_STARTFILE-NOTFOUND|([^/\]+-)?ld|collect2)[^/\]*( |$)]
  ignore line: [Change Dir: /home/zuxin/playground/cmake/hw4/build/CMakeFiles/CMakeTmp]
  ignore line: []
  ignore line: [Run Build Command(s):/usr/bin/gmake cmTC_7affb/fast ]
  ignore line: [/usr/bin/gmake -f CMakeFiles/cmTC_7affb.dir/build.make CMakeFiles/cmTC_7affb.dir/build]
  ignore line: [gmake[1]: Entering directory `/home/zuxin/playground/cmake/hw4/build/CMakeFiles/CMakeTmp']
  ignore line: [Building CXX object CMakeFiles/cmTC_7affb.dir/CMakeCXXCompilerABI.cpp.o]
  ignore line: [/opt/gcc/8.3/bin/g++    -v -o CMakeFiles/cmTC_7affb.dir/CMakeCXXCompilerABI.cpp.o -c /opt/cmake/3.14/share/cmake-3.14/Modules/CMakeCXXCompilerABI.cpp]
  ignore line: [Using built-in specs.]
  ignore line: [COLLECT_GCC=/opt/gcc/8.3/bin/g++]
  ignore line: [Target: x86_64-pc-linux-gnu]
  ignore line: [Configured with: ../configure --prefix=/opt/gcc/8.3 --enable-shared --enable-threads=posix --enable-checking=release --enable-languages=c,c++,fortran --with-gcc-major-version-only CC=/usr/bin/gcc CXX=/usr/bin/g++]
  ignore line: [Thread model: posix]
  ignore line: [gcc version 8.3.0 (GCC) ]
  ignore line: [COLLECT_GCC_OPTIONS='-v' '-o' 'CMakeFiles/cmTC_7affb.dir/CMakeCXXCompilerABI.cpp.o' '-c' '-shared-libgcc' '-mtune=generic' '-march=x86-64']
  ignore line: [ /opt/gcc/8.3/libexec/gcc/x86_64-pc-linux-gnu/8/cc1plus -quiet -v -D_GNU_SOURCE /opt/cmake/3.14/share/cmake-3.14/Modules/CMakeCXXCompilerABI.cpp -quiet -dumpbase CMakeCXXCompilerABI.cpp -mtune=generic -march=x86-64 -auxbase-strip CMakeFiles/cmTC_7affb.dir/CMakeCXXCompilerABI.cpp.o -version -o /tmp/ccO5iDuT.s]
  ignore line: [GNU C++14 (GCC) version 8.3.0 (x86_64-pc-linux-gnu)]
  ignore line: [	compiled by GNU C version 8.3.0, GMP version 6.1.0, MPFR version 3.1.4, MPC version 1.0.3, isl version isl-0.18-GMP]
  ignore line: []
  ignore line: [GGC heuristics: --param ggc-min-expand=100 --param ggc-min-heapsize=131072]
  ignore line: [ignoring nonexistent directory "/opt/gcc/8.3/lib/gcc/x86_64-pc-linux-gnu/8/../../../../x86_64-pc-linux-gnu/include"]
  ignore line: [ignoring duplicate directory "/opt/gcc/8.3/include/c++/8/x86_64-pc-linux-gnu"]
  ignore line: [  as it is a non-system directory that duplicates a system directory]
  ignore line: [ignoring duplicate directory "/opt/gcc/8.3/include/c++/8"]
  ignore line: [  as it is a non-system directory that duplicates a system directory]
  ignore line: [#include "..." search starts here:]
  ignore line: [#include <...> search starts here:]
  ignore line: [ /opt/python/3.7/include/python3.7m]
  ignore line: [ /opt/python/3.7/include]
  ignore line: [ /opt/intel/compilers_and_libraries_2019.4.243/linux/mkl/include]
  ignore line: [ /opt/openmpi/gnu/3.1.4/include]
  ignore line: [ /opt/armadillo/gnu/9.500.2/include]
  ignore line: [ /opt/openblas/gnu/0.3.6/include]
  ignore line: [ /opt/gcc/8.3/lib/gcc/x86_64-pc-linux-gnu/8/../../../../include/c++/8]
  ignore line: [ /opt/gcc/8.3/lib/gcc/x86_64-pc-linux-gnu/8/../../../../include/c++/8/x86_64-pc-linux-gnu]
  ignore line: [ /opt/gcc/8.3/lib/gcc/x86_64-pc-linux-gnu/8/../../../../include/c++/8/backward]
  ignore line: [ /opt/gcc/8.3/lib/gcc/x86_64-pc-linux-gnu/8/include]
  ignore line: [ /usr/local/include]
  ignore line: [ /opt/gcc/8.3/include]
  ignore line: [ /opt/gcc/8.3/lib/gcc/x86_64-pc-linux-gnu/8/include-fixed]
  ignore line: [ /usr/include]
  ignore line: [End of search list.]
  ignore line: [GNU C++14 (GCC) version 8.3.0 (x86_64-pc-linux-gnu)]
  ignore line: [	compiled by GNU C version 8.3.0, GMP version 6.1.0, MPFR version 3.1.4, MPC version 1.0.3, isl version isl-0.18-GMP]
  ignore line: []
  ignore line: [GGC heuristics: --param ggc-min-expand=100 --param ggc-min-heapsize=131072]
  ignore line: [Compiler executable checksum: 8efff0185302c5fac564f65115622ccc]
  ignore line: [COLLECT_GCC_OPTIONS='-v' '-o' 'CMakeFiles/cmTC_7affb.dir/CMakeCXXCompilerABI.cpp.o' '-c' '-shared-libgcc' '-mtune=generic' '-march=x86-64']
  ignore line: [ as -v --64 -o CMakeFiles/cmTC_7affb.dir/CMakeCXXCompilerABI.cpp.o /tmp/ccO5iDuT.s]
  ignore line: [GNU assembler version 2.27 (x86_64-redhat-linux) using BFD version version 2.27-34.base.el7]
  ignore line: [COMPILER_PATH=/opt/gcc/8.3/libexec/gcc/x86_64-pc-linux-gnu/8/:/opt/gcc/8.3/libexec/gcc/x86_64-pc-linux-gnu/8/:/opt/gcc/8.3/libexec/gcc/x86_64-pc-linux-gnu/:/opt/gcc/8.3/lib/gcc/x86_64-pc-linux-gnu/8/:/opt/gcc/8.3/lib/gcc/x86_64-pc-linux-gnu/]
  ignore line: [LIBRARY_PATH=/opt/armadillo/gnu/9.500.2/lib64/../lib64/:/opt/openblas/gnu/0.3.6/lib64/../lib64/:/opt/gcc/8.3/libexec/../lib64/:/opt/gcc/8.3/lib64/../lib64/:/opt/gcc/8.3/lib/../lib64/:/opt/gcc/8.3/lib/gcc/x86_64-pc-linux-gnu/8/:/opt/gcc/8.3/lib/gcc/x86_64-pc-linux-gnu/8/../../../../lib64/:/lib/../lib64/:/usr/lib/../lib64/:/opt/python/3.7/lib/:/opt/intel/compilers_and_libraries_2019.4.243/linux/compiler/lib/intel64/:/opt/intel/compilers_and_libraries_2019.4.243/linux/mkl/lib/intel64/:/opt/openmpi/gnu/3.1.4/lib/:/opt/armadillo/gnu/9.500.2/lib64/:/opt/openblas/gnu/0.3.6/lib64/:/opt/scalapack/gnu/2.0.2/lib/:/opt/gcc/8.3/libexec/:/opt/gcc/8.3/lib64/:/opt/gcc/8.3/lib/:/opt/gcc/8.3/lib/gcc/x86_64-pc-linux-gnu/8/../../../:/lib/:/usr/lib/]
  ignore line: [COLLECT_GCC_OPTIONS='-v' '-o' 'CMakeFiles/cmTC_7affb.dir/CMakeCXXCompilerABI.cpp.o' '-c' '-shared-libgcc' '-mtune=generic' '-march=x86-64']
  ignore line: [Linking CXX executable cmTC_7affb]
  ignore line: [/opt/cmake/3.14/bin/cmake -E cmake_link_script CMakeFiles/cmTC_7affb.dir/link.txt --verbose=1]
  ignore line: [/opt/gcc/8.3/bin/g++      -v -rdynamic CMakeFiles/cmTC_7affb.dir/CMakeCXXCompilerABI.cpp.o  -o cmTC_7affb ]
  ignore line: [Using built-in specs.]
  ignore line: [COLLECT_GCC=/opt/gcc/8.3/bin/g++]
  ignore line: [COLLECT_LTO_WRAPPER=/opt/gcc/8.3/libexec/gcc/x86_64-pc-linux-gnu/8/lto-wrapper]
  ignore line: [Target: x86_64-pc-linux-gnu]
  ignore line: [Configured with: ../configure --prefix=/opt/gcc/8.3 --enable-shared --enable-threads=posix --enable-checking=release --enable-languages=c,c++,fortran --with-gcc-major-version-only CC=/usr/bin/gcc CXX=/usr/bin/g++]
  ignore line: [Thread model: posix]
  ignore line: [gcc version 8.3.0 (GCC) ]
  ignore line: [COMPILER_PATH=/opt/gcc/8.3/libexec/gcc/x86_64-pc-linux-gnu/8/:/opt/gcc/8.3/libexec/gcc/x86_64-pc-linux-gnu/8/:/opt/gcc/8.3/libexec/gcc/x86_64-pc-linux-gnu/:/opt/gcc/8.3/lib/gcc/x86_64-pc-linux-gnu/8/:/opt/gcc/8.3/lib/gcc/x86_64-pc-linux-gnu/]
  ignore line: [LIBRARY_PATH=/opt/armadillo/gnu/9.500.2/lib64/../lib64/:/opt/openblas/gnu/0.3.6/lib64/../lib64/:/opt/gcc/8.3/libexec/../lib64/:/opt/gcc/8.3/lib64/../lib64/:/opt/gcc/8.3/lib/../lib64/:/opt/gcc/8.3/lib/gcc/x86_64-pc-linux-gnu/8/:/opt/gcc/8.3/lib/gcc/x86_64-pc-linux-gnu/8/../../../../lib64/:/lib/../lib64/:/usr/lib/../lib64/:/opt/python/3.7/lib/:/opt/intel/compilers_and_libraries_2019.4.243/linux/compiler/lib/intel64/:/opt/intel/compilers_and_libraries_2019.4.243/linux/mkl/lib/intel64/:/opt/openmpi/gnu/3.1.4/lib/:/opt/armadillo/gnu/9.500.2/lib64/:/opt/openblas/gnu/0.3.6/lib64/:/opt/scalapack/gnu/2.0.2/lib/:/opt/gcc/8.3/libexec/:/opt/gcc/8.3/lib64/:/opt/gcc/8.3/lib/:/opt/gcc/8.3/lib/gcc/x86_64-pc-linux-gnu/8/../../../:/lib/:/usr/lib/]
  ignore line: [COLLECT_GCC_OPTIONS='-v' '-rdynamic' '-o' 'cmTC_7affb' '-shared-libgcc' '-mtune=generic' '-march=x86-64']
  link line: [ /opt/gcc/8.3/libexec/gcc/x86_64-pc-linux-gnu/8/collect2 -plugin /opt/gcc/8.3/libexec/gcc/x86_64-pc-linux-gnu/8/liblto_plugin.so -plugin-opt=/opt/gcc/8.3/libexec/gcc/x86_64-pc-linux-gnu/8/lto-wrapper -plugin-opt=-fresolution=/tmp/ccZDDtf4.res -plugin-opt=-pass-through=-lgcc_s -plugin-opt=-pass-through=-lgcc -plugin-opt=-pass-through=-lc -plugin-opt=-pass-through=-lgcc_s -plugin-opt=-pass-through=-lgcc --eh-frame-hdr -m elf_x86_64 -export-dynamic -dynamic-linker /lib64/ld-linux-x86-64.so.2 -o cmTC_7affb /lib/../lib64/crt1.o /lib/../lib64/crti.o /opt/gcc/8.3/lib/gcc/x86_64-pc-linux-gnu/8/crtbegin.o -L/opt/armadillo/gnu/9.500.2/lib64/../lib64 -L/opt/openblas/gnu/0.3.6/lib64/../lib64 -L/opt/gcc/8.3/libexec/../lib64 -L/opt/gcc/8.3/lib64/../lib64 -L/opt/gcc/8.3/lib/../lib64 -L/opt/gcc/8.3/lib/gcc/x86_64-pc-linux-gnu/8 -L/opt/gcc/8.3/lib/gcc/x86_64-pc-linux-gnu/8/../../../../lib64 -L/lib/../lib64 -L/usr/lib/../lib64 -L/opt/python/3.7/lib -L/opt/intel/compilers_and_libraries_2019.4.243/linux/compiler/lib/intel64 -L/opt/intel/compilers_and_libraries_2019.4.243/linux/mkl/lib/intel64 -L/opt/openmpi/gnu/3.1.4/lib -L/opt/armadillo/gnu/9.500.2/lib64 -L/opt/openblas/gnu/0.3.6/lib64 -L/opt/scalapack/gnu/2.0.2/lib -L/opt/gcc/8.3/libexec -L/opt/gcc/8.3/lib64 -L/opt/gcc/8.3/lib -L/opt/gcc/8.3/lib/gcc/x86_64-pc-linux-gnu/8/../../.. CMakeFiles/cmTC_7affb.dir/CMakeCXXCompilerABI.cpp.o -lstdc++ -lm -lgcc_s -lgcc -lc -lgcc_s -lgcc /opt/gcc/8.3/lib/gcc/x86_64-pc-linux-gnu/8/crtend.o /lib/../lib64/crtn.o]
    arg [/opt/gcc/8.3/libexec/gcc/x86_64-pc-linux-gnu/8/collect2] ==> ignore
    arg [-plugin] ==> ignore
    arg [/opt/gcc/8.3/libexec/gcc/x86_64-pc-linux-gnu/8/liblto_plugin.so] ==> ignore
    arg [-plugin-opt=/opt/gcc/8.3/libexec/gcc/x86_64-pc-linux-gnu/8/lto-wrapper] ==> ignore
    arg [-plugin-opt=-fresolution=/tmp/ccZDDtf4.res] ==> ignore
    arg [-plugin-opt=-pass-through=-lgcc_s] ==> ignore
    arg [-plugin-opt=-pass-through=-lgcc] ==> ignore
    arg [-plugin-opt=-pass-through=-lc] ==> ignore
    arg [-plugin-opt=-pass-through=-lgcc_s] ==> ignore
    arg [-plugin-opt=-pass-through=-lgcc] ==> ignore
    arg [--eh-frame-hdr] ==> ignore
    arg [-m] ==> ignore
    arg [elf_x86_64] ==> ignore
    arg [-export-dynamic] ==> ignore
    arg [-dynamic-linker] ==> ignore
    arg [/lib64/ld-linux-x86-64.so.2] ==> ignore
    arg [-o] ==> ignore
    arg [cmTC_7affb] ==> ignore
    arg [/lib/../lib64/crt1.o] ==> ignore
    arg [/lib/../lib64/crti.o] ==> ignore
    arg [/opt/gcc/8.3/lib/gcc/x86_64-pc-linux-gnu/8/crtbegin.o] ==> ignore
    arg [-L/opt/armadillo/gnu/9.500.2/lib64/../lib64] ==> dir [/opt/armadillo/gnu/9.500.2/lib64/../lib64]
    arg [-L/opt/openblas/gnu/0.3.6/lib64/../lib64] ==> dir [/opt/openblas/gnu/0.3.6/lib64/../lib64]
    arg [-L/opt/gcc/8.3/libexec/../lib64] ==> dir [/opt/gcc/8.3/libexec/../lib64]
    arg [-L/opt/gcc/8.3/lib64/../lib64] ==> dir [/opt/gcc/8.3/lib64/../lib64]
    arg [-L/opt/gcc/8.3/lib/../lib64] ==> dir [/opt/gcc/8.3/lib/../lib64]
    arg [-L/opt/gcc/8.3/lib/gcc/x86_64-pc-linux-gnu/8] ==> dir [/opt/gcc/8.3/lib/gcc/x86_64-pc-linux-gnu/8]
    arg [-L/opt/gcc/8.3/lib/gcc/x86_64-pc-linux-gnu/8/../../../../lib64] ==> dir [/opt/gcc/8.3/lib/gcc/x86_64-pc-linux-gnu/8/../../../../lib64]
    arg [-L/lib/../lib64] ==> dir [/lib/../lib64]
    arg [-L/usr/lib/../lib64] ==> dir [/usr/lib/../lib64]
    arg [-L/opt/python/3.7/lib] ==> dir [/opt/python/3.7/lib]
    arg [-L/opt/intel/compilers_and_libraries_2019.4.243/linux/compiler/lib/intel64] ==> dir [/opt/intel/compilers_and_libraries_2019.4.243/linux/compiler/lib/intel64]
    arg [-L/opt/intel/compilers_and_libraries_2019.4.243/linux/mkl/lib/intel64] ==> dir [/opt/intel/compilers_and_libraries_2019.4.243/linux/mkl/lib/intel64]
    arg [-L/opt/openmpi/gnu/3.1.4/lib] ==> dir [/opt/openmpi/gnu/3.1.4/lib]
    arg [-L/opt/armadillo/gnu/9.500.2/lib64] ==> dir [/opt/armadillo/gnu/9.500.2/lib64]
    arg [-L/opt/openblas/gnu/0.3.6/lib64] ==> dir [/opt/openblas/gnu/0.3.6/lib64]
    arg [-L/opt/scalapack/gnu/2.0.2/lib] ==> dir [/opt/scalapack/gnu/2.0.2/lib]
    arg [-L/opt/gcc/8.3/libexec] ==> dir [/opt/gcc/8.3/libexec]
    arg [-L/opt/gcc/8.3/lib64] ==> dir [/opt/gcc/8.3/lib64]
    arg [-L/opt/gcc/8.3/lib] ==> dir [/opt/gcc/8.3/lib]
    arg [-L/opt/gcc/8.3/lib/gcc/x86_64-pc-linux-gnu/8/../../..] ==> dir [/opt/gcc/8.3/lib/gcc/x86_64-pc-linux-gnu/8/../../..]
    arg [CMakeFiles/cmTC_7affb.dir/CMakeCXXCompilerABI.cpp.o] ==> ignore
    arg [-lstdc++] ==> lib [stdc++]
    arg [-lm] ==> lib [m]
    arg [-lgcc_s] ==> lib [gcc_s]
    arg [-lgcc] ==> lib [gcc]
    arg [-lc] ==> lib [c]
    arg [-lgcc_s] ==> lib [gcc_s]
    arg [-lgcc] ==> lib [gcc]
    arg [/opt/gcc/8.3/lib/gcc/x86_64-pc-linux-gnu/8/crtend.o] ==> ignore
    arg [/lib/../lib64/crtn.o] ==> ignore
  collapse library dir [/opt/armadillo/gnu/9.500.2/lib64/../lib64] ==> [/opt/armadillo/gnu/9.500.2/lib64]
  collapse library dir [/opt/openblas/gnu/0.3.6/lib64/../lib64] ==> [/opt/openblas/gnu/0.3.6/lib64]
  collapse library dir [/opt/gcc/8.3/libexec/../lib64] ==> [/opt/gcc/8.3/lib64]
  collapse library dir [/opt/gcc/8.3/lib64/../lib64] ==> [/opt/gcc/8.3/lib64]
  collapse library dir [/opt/gcc/8.3/lib/../lib64] ==> [/opt/gcc/8.3/lib64]
  collapse library dir [/opt/gcc/8.3/lib/gcc/x86_64-pc-linux-gnu/8] ==> [/opt/gcc/8.3/lib/gcc/x86_64-pc-linux-gnu/8]
  collapse library dir [/opt/gcc/8.3/lib/gcc/x86_64-pc-linux-gnu/8/../../../../lib64] ==> [/opt/gcc/8.3/lib64]
  collapse library dir [/lib/../lib64] ==> [/lib64]
  collapse library dir [/usr/lib/../lib64] ==> [/usr/lib64]
  collapse library dir [/opt/python/3.7/lib] ==> [/opt/python/3.7/lib]
  collapse library dir [/opt/intel/compilers_and_libraries_2019.4.243/linux/compiler/lib/intel64] ==> [/opt/intel/compilers_and_libraries_2019.4.243/linux/compiler/lib/intel64]
  collapse library dir [/opt/intel/compilers_and_libraries_2019.4.243/linux/mkl/lib/intel64] ==> [/opt/intel/compilers_and_libraries_2019.4.243/linux/mkl/lib/intel64]
  collapse library dir [/opt/openmpi/gnu/3.1.4/lib] ==> [/opt/openmpi/gnu/3.1.4/lib]
  collapse library dir [/opt/armadillo/gnu/9.500.2/lib64] ==> [/opt/armadillo/gnu/9.500.2/lib64]
  collapse library dir [/opt/openblas/gnu/0.3.6/lib64] ==> [/opt/openblas/gnu/0.3.6/lib64]
  collapse library dir [/opt/scalapack/gnu/2.0.2/lib] ==> [/opt/scalapack/gnu/2.0.2/lib]
  collapse library dir [/opt/gcc/8.3/libexec] ==> [/opt/gcc/8.3/libexec]
  collapse library dir [/opt/gcc/8.3/lib64] ==> [/opt/gcc/8.3/lib64]
  collapse library dir [/opt/gcc/8.3/lib] ==> [/opt/gcc/8.3/lib]
  collapse library dir [/opt/gcc/8.3/lib/gcc/x86_64-pc-linux-gnu/8/../../..] ==> [/opt/gcc/8.3/lib]
  implicit libs: [stdc++;m;gcc_s;gcc;c;gcc_s;gcc]
  implicit dirs: [/opt/armadillo/gnu/9.500.2/lib64;/opt/openblas/gnu/0.3.6/lib64;/opt/gcc/8.3/lib64;/opt/gcc/8.3/lib/gcc/x86_64-pc-linux-gnu/8;/lib64;/usr/lib64;/opt/python/3.7/lib;/opt/intel/compilers_and_libraries_2019.4.243/linux/compiler/lib/intel64;/opt/intel/compilers_and_libraries_2019.4.243/linux/mkl/lib/intel64;/opt/openmpi/gnu/3.1.4/lib;/opt/scalapack/gnu/2.0.2/lib;/opt/gcc/8.3/libexec;/opt/gcc/8.3/lib]
  implicit fwks: []




Detecting CXX [-std=c++2a] compiler features compiled with the following output:
Change Dir: /home/zuxin/playground/cmake/hw4/build/CMakeFiles/CMakeTmp

Run Build Command(s):/usr/bin/gmake cmTC_d5452/fast 
/usr/bin/gmake -f CMakeFiles/cmTC_d5452.dir/build.make CMakeFiles/cmTC_d5452.dir/build
gmake[1]: Entering directory `/home/zuxin/playground/cmake/hw4/build/CMakeFiles/CMakeTmp'
Building CXX object CMakeFiles/cmTC_d5452.dir/feature_tests.cxx.o
/opt/gcc/8.3/bin/g++    -std=c++2a -o CMakeFiles/cmTC_d5452.dir/feature_tests.cxx.o -c /home/zuxin/playground/cmake/hw4/build/CMakeFiles/feature_tests.cxx
Linking CXX executable cmTC_d5452
/opt/cmake/3.14/bin/cmake -E cmake_link_script CMakeFiles/cmTC_d5452.dir/link.txt --verbose=1
/opt/gcc/8.3/bin/g++       -rdynamic CMakeFiles/cmTC_d5452.dir/feature_tests.cxx.o  -o cmTC_d5452 
gmake[1]: Leaving directory `/home/zuxin/playground/cmake/hw4/build/CMakeFiles/CMakeTmp'


    Feature record: CXX_FEATURE:1cxx_aggregate_default_initializers
    Feature record: CXX_FEATURE:1cxx_alias_templates
    Feature record: CXX_FEATURE:1cxx_alignas
    Feature record: CXX_FEATURE:1cxx_alignof
    Feature record: CXX_FEATURE:1cxx_attributes
    Feature record: CXX_FEATURE:1cxx_attribute_deprecated
    Feature record: CXX_FEATURE:1cxx_auto_type
    Feature record: CXX_FEATURE:1cxx_binary_literals
    Feature record: CXX_FEATURE:1cxx_constexpr
    Feature record: CXX_FEATURE:1cxx_contextual_conversions
    Feature record: CXX_FEATURE:1cxx_decltype
    Feature record: CXX_FEATURE:1cxx_decltype_auto
    Feature record: CXX_FEATURE:1cxx_decltype_incomplete_return_types
    Feature record: CXX_FEATURE:1cxx_default_function_template_args
    Feature record: CXX_FEATURE:1cxx_defaulted_functions
    Feature record: CXX_FEATURE:1cxx_defaulted_move_initializers
    Feature record: CXX_FEATURE:1cxx_delegating_constructors
    Feature record: CXX_FEATURE:1cxx_deleted_functions
    Feature record: CXX_FEATURE:1cxx_digit_separators
    Feature record: CXX_FEATURE:1cxx_enum_forward_declarations
    Feature record: CXX_FEATURE:1cxx_explicit_conversions
    Feature record: CXX_FEATURE:1cxx_extended_friend_declarations
    Feature record: CXX_FEATURE:1cxx_extern_templates
    Feature record: CXX_FEATURE:1cxx_final
    Feature record: CXX_FEATURE:1cxx_func_identifier
    Feature record: CXX_FEATURE:1cxx_generalized_initializers
    Feature record: CXX_FEATURE:1cxx_generic_lambdas
    Feature record: CXX_FEATURE:1cxx_inheriting_constructors
    Feature record: CXX_FEATURE:1cxx_inline_namespaces
    Feature record: CXX_FEATURE:1cxx_lambdas
    Feature record: CXX_FEATURE:1cxx_lambda_init_captures
    Feature record: CXX_FEATURE:1cxx_local_type_template_args
    Feature record: CXX_FEATURE:1cxx_long_long_type
    Feature record: CXX_FEATURE:1cxx_noexcept
    Feature record: CXX_FEATURE:1cxx_nonstatic_member_init
    Feature record: CXX_FEATURE:1cxx_nullptr
    Feature record: CXX_FEATURE:1cxx_override
    Feature record: CXX_FEATURE:1cxx_range_for
    Feature record: CXX_FEATURE:1cxx_raw_string_literals
    Feature record: CXX_FEATURE:1cxx_reference_qualified_functions
    Feature record: CXX_FEATURE:1cxx_relaxed_constexpr
    Feature record: CXX_FEATURE:1cxx_return_type_deduction
    Feature record: CXX_FEATURE:1cxx_right_angle_brackets
    Feature record: CXX_FEATURE:1cxx_rvalue_references
    Feature record: CXX_FEATURE:1cxx_sizeof_member
    Feature record: CXX_FEATURE:1cxx_static_assert
    Feature record: CXX_FEATURE:1cxx_strong_enums
    Feature record: CXX_FEATURE:1cxx_template_template_parameters
    Feature record: CXX_FEATURE:1cxx_thread_local
    Feature record: CXX_FEATURE:1cxx_trailing_return_types
    Feature record: CXX_FEATURE:1cxx_unicode_literals
    Feature record: CXX_FEATURE:1cxx_uniform_initialization
    Feature record: CXX_FEATURE:1cxx_unrestricted_unions
    Feature record: CXX_FEATURE:1cxx_user_literals
    Feature record: CXX_FEATURE:1cxx_variable_templates
    Feature record: CXX_FEATURE:1cxx_variadic_macros
    Feature record: CXX_FEATURE:1cxx_variadic_templates


Detecting CXX [-std=c++17] compiler features compiled with the following output:
Change Dir: /home/zuxin/playground/cmake/hw4/build/CMakeFiles/CMakeTmp

Run Build Command(s):/usr/bin/gmake cmTC_14d22/fast 
/usr/bin/gmake -f CMakeFiles/cmTC_14d22.dir/build.make CMakeFiles/cmTC_14d22.dir/build
gmake[1]: Entering directory `/home/zuxin/playground/cmake/hw4/build/CMakeFiles/CMakeTmp'
Building CXX object CMakeFiles/cmTC_14d22.dir/feature_tests.cxx.o
/opt/gcc/8.3/bin/g++    -std=c++17 -o CMakeFiles/cmTC_14d22.dir/feature_tests.cxx.o -c /home/zuxin/playground/cmake/hw4/build/CMakeFiles/feature_tests.cxx
Linking CXX executable cmTC_14d22
/opt/cmake/3.14/bin/cmake -E cmake_link_script CMakeFiles/cmTC_14d22.dir/link.txt --verbose=1
/opt/gcc/8.3/bin/g++       -rdynamic CMakeFiles/cmTC_14d22.dir/feature_tests.cxx.o  -o cmTC_14d22 
gmake[1]: Leaving directory `/home/zuxin/playground/cmake/hw4/build/CMakeFiles/CMakeTmp'


    Feature record: CXX_FEATURE:1cxx_aggregate_default_initializers
    Feature record: CXX_FEATURE:1cxx_alias_templates
    Feature record: CXX_FEATURE:1cxx_alignas
    Feature record: CXX_FEATURE:1cxx_alignof
    Feature record: CXX_FEATURE:1cxx_attributes
    Feature record: CXX_FEATURE:1cxx_attribute_deprecated
    Feature record: CXX_FEATURE:1cxx_auto_type
    Feature record: CXX_FEATURE:1cxx_binary_literals
    Feature record: CXX_FEATURE:1cxx_constexpr
    Feature record: CXX_FEATURE:1cxx_contextual_conversions
    Feature record: CXX_FEATURE:1cxx_decltype
    Feature record: CXX_FEATURE:1cxx_decltype_auto
    Feature record: CXX_FEATURE:1cxx_decltype_incomplete_return_types
    Feature record: CXX_FEATURE:1cxx_default_function_template_args
    Feature record: CXX_FEATURE:1cxx_defaulted_functions
    Feature record: CXX_FEATURE:1cxx_defaulted_move_initializers
    Feature record: CXX_FEATURE:1cxx_delegating_constructors
    Feature record: CXX_FEATURE:1cxx_deleted_functions
    Feature record: CXX_FEATURE:1cxx_digit_separators
    Feature record: CXX_FEATURE:1cxx_enum_forward_declarations
    Feature record: CXX_FEATURE:1cxx_explicit_conversions
    Feature record: CXX_FEATURE:1cxx_extended_friend_declarations
    Feature record: CXX_FEATURE:1cxx_extern_templates
    Feature record: CXX_FEATURE:1cxx_final
    Feature record: CXX_FEATURE:1cxx_func_identifier
    Feature record: CXX_FEATURE:1cxx_generalized_initializers
    Feature record: CXX_FEATURE:1cxx_generic_lambdas
    Feature record: CXX_FEATURE:1cxx_inheriting_constructors
    Feature record: CXX_FEATURE:1cxx_inline_namespaces
    Feature record: CXX_FEATURE:1cxx_lambdas
    Feature record: CXX_FEATURE:1cxx_lambda_init_captures
    Feature record: CXX_FEATURE:1cxx_local_type_template_args
    Feature record: CXX_FEATURE:1cxx_long_long_type
    Feature record: CXX_FEATURE:1cxx_noexcept
    Feature record: CXX_FEATURE:1cxx_nonstatic_member_init
    Feature record: CXX_FEATURE:1cxx_nullptr
    Feature record: CXX_FEATURE:1cxx_override
    Feature record: CXX_FEATURE:1cxx_range_for
    Feature record: CXX_FEATURE:1cxx_raw_string_literals
    Feature record: CXX_FEATURE:1cxx_reference_qualified_functions
    Feature record: CXX_FEATURE:1cxx_relaxed_constexpr
    Feature record: CXX_FEATURE:1cxx_return_type_deduction
    Feature record: CXX_FEATURE:1cxx_right_angle_brackets
    Feature record: CXX_FEATURE:1cxx_rvalue_references
    Feature record: CXX_FEATURE:1cxx_sizeof_member
    Feature record: CXX_FEATURE:1cxx_static_assert
    Feature record: CXX_FEATURE:1cxx_strong_enums
    Feature record: CXX_FEATURE:1cxx_template_template_parameters
    Feature record: CXX_FEATURE:1cxx_thread_local
    Feature record: CXX_FEATURE:1cxx_trailing_return_types
    Feature record: CXX_FEATURE:1cxx_unicode_literals
    Feature record: CXX_FEATURE:1cxx_uniform_initialization
    Feature record: CXX_FEATURE:1cxx_unrestricted_unions
    Feature record: CXX_FEATURE:1cxx_user_literals
    Feature record: CXX_FEATURE:1cxx_variable_templates
    Feature record: CXX_FEATURE:1cxx_variadic_macros
    Feature record: CXX_FEATURE:1cxx_variadic_templates


Detecting CXX [-std=c++14] compiler features compiled with the following output:
Change Dir: /home/zuxin/playground/cmake/hw4/build/CMakeFiles/CMakeTmp

Run Build Command(s):/usr/bin/gmake cmTC_91216/fast 
/usr/bin/gmake -f CMakeFiles/cmTC_91216.dir/build.make CMakeFiles/cmTC_91216.dir/build
gmake[1]: Entering directory `/home/zuxin/playground/cmake/hw4/build/CMakeFiles/CMakeTmp'
Building CXX object CMakeFiles/cmTC_91216.dir/feature_tests.cxx.o
/opt/gcc/8.3/bin/g++    -std=c++14 -o CMakeFiles/cmTC_91216.dir/feature_tests.cxx.o -c /home/zuxin/playground/cmake/hw4/build/CMakeFiles/feature_tests.cxx
Linking CXX executable cmTC_91216
/opt/cmake/3.14/bin/cmake -E cmake_link_script CMakeFiles/cmTC_91216.dir/link.txt --verbose=1
/opt/gcc/8.3/bin/g++       -rdynamic CMakeFiles/cmTC_91216.dir/feature_tests.cxx.o  -o cmTC_91216 
gmake[1]: Leaving directory `/home/zuxin/playground/cmake/hw4/build/CMakeFiles/CMakeTmp'


    Feature record: CXX_FEATURE:1cxx_aggregate_default_initializers
    Feature record: CXX_FEATURE:1cxx_alias_templates
    Feature record: CXX_FEATURE:1cxx_alignas
    Feature record: CXX_FEATURE:1cxx_alignof
    Feature record: CXX_FEATURE:1cxx_attributes
    Feature record: CXX_FEATURE:1cxx_attribute_deprecated
    Feature record: CXX_FEATURE:1cxx_auto_type
    Feature record: CXX_FEATURE:1cxx_binary_literals
    Feature record: CXX_FEATURE:1cxx_constexpr
    Feature record: CXX_FEATURE:1cxx_contextual_conversions
    Feature record: CXX_FEATURE:1cxx_decltype
    Feature record: CXX_FEATURE:1cxx_decltype_auto
    Feature record: CXX_FEATURE:1cxx_decltype_incomplete_return_types
    Feature record: CXX_FEATURE:1cxx_default_function_template_args
    Feature record: CXX_FEATURE:1cxx_defaulted_functions
    Feature record: CXX_FEATURE:1cxx_defaulted_move_initializers
    Feature record: CXX_FEATURE:1cxx_delegating_constructors
    Feature record: CXX_FEATURE:1cxx_deleted_functions
    Feature record: CXX_FEATURE:1cxx_digit_separators
    Feature record: CXX_FEATURE:1cxx_enum_forward_declarations
    Feature record: CXX_FEATURE:1cxx_explicit_conversions
    Feature record: CXX_FEATURE:1cxx_extended_friend_declarations
    Feature record: CXX_FEATURE:1cxx_extern_templates
    Feature record: CXX_FEATURE:1cxx_final
    Feature record: CXX_FEATURE:1cxx_func_identifier
    Feature record: CXX_FEATURE:1cxx_generalized_initializers
    Feature record: CXX_FEATURE:1cxx_generic_lambdas
    Feature record: CXX_FEATURE:1cxx_inheriting_constructors
    Feature record: CXX_FEATURE:1cxx_inline_namespaces
    Feature record: CXX_FEATURE:1cxx_lambdas
    Feature record: CXX_FEATURE:1cxx_lambda_init_captures
    Feature record: CXX_FEATURE:1cxx_local_type_template_args
    Feature record: CXX_FEATURE:1cxx_long_long_type
    Feature record: CXX_FEATURE:1cxx_noexcept
    Feature record: CXX_FEATURE:1cxx_nonstatic_member_init
    Feature record: CXX_FEATURE:1cxx_nullptr
    Feature record: CXX_FEATURE:1cxx_override
    Feature record: CXX_FEATURE:1cxx_range_for
    Feature record: CXX_FEATURE:1cxx_raw_string_literals
    Feature record: CXX_FEATURE:1cxx_reference_qualified_functions
    Feature record: CXX_FEATURE:1cxx_relaxed_constexpr
    Feature record: CXX_FEATURE:1cxx_return_type_deduction
    Feature record: CXX_FEATURE:1cxx_right_angle_brackets
    Feature record: CXX_FEATURE:1cxx_rvalue_references
    Feature record: CXX_FEATURE:1cxx_sizeof_member
    Feature record: CXX_FEATURE:1cxx_static_assert
    Feature record: CXX_FEATURE:1cxx_strong_enums
    Feature record: CXX_FEATURE:1cxx_template_template_parameters
    Feature record: CXX_FEATURE:1cxx_thread_local
    Feature record: CXX_FEATURE:1cxx_trailing_return_types
    Feature record: CXX_FEATURE:1cxx_unicode_literals
    Feature record: CXX_FEATURE:1cxx_uniform_initialization
    Feature record: CXX_FEATURE:1cxx_unrestricted_unions
    Feature record: CXX_FEATURE:1cxx_user_literals
    Feature record: CXX_FEATURE:1cxx_variable_templates
    Feature record: CXX_FEATURE:1cxx_variadic_macros
    Feature record: CXX_FEATURE:1cxx_variadic_templates


Detecting CXX [-std=c++11] compiler features compiled with the following output:
Change Dir: /home/zuxin/playground/cmake/hw4/build/CMakeFiles/CMakeTmp

Run Build Command(s):/usr/bin/gmake cmTC_e74ea/fast 
/usr/bin/gmake -f CMakeFiles/cmTC_e74ea.dir/build.make CMakeFiles/cmTC_e74ea.dir/build
gmake[1]: Entering directory `/home/zuxin/playground/cmake/hw4/build/CMakeFiles/CMakeTmp'
Building CXX object CMakeFiles/cmTC_e74ea.dir/feature_tests.cxx.o
/opt/gcc/8.3/bin/g++    -std=c++11 -o CMakeFiles/cmTC_e74ea.dir/feature_tests.cxx.o -c /home/zuxin/playground/cmake/hw4/build/CMakeFiles/feature_tests.cxx
Linking CXX executable cmTC_e74ea
/opt/cmake/3.14/bin/cmake -E cmake_link_script CMakeFiles/cmTC_e74ea.dir/link.txt --verbose=1
/opt/gcc/8.3/bin/g++       -rdynamic CMakeFiles/cmTC_e74ea.dir/feature_tests.cxx.o  -o cmTC_e74ea 
gmake[1]: Leaving directory `/home/zuxin/playground/cmake/hw4/build/CMakeFiles/CMakeTmp'


    Feature record: CXX_FEATURE:0cxx_aggregate_default_initializers
    Feature record: CXX_FEATURE:1cxx_alias_templates
    Feature record: CXX_FEATURE:1cxx_alignas
    Feature record: CXX_FEATURE:1cxx_alignof
    Feature record: CXX_FEATURE:1cxx_attributes
    Feature record: CXX_FEATURE:0cxx_attribute_deprecated
    Feature record: CXX_FEATURE:1cxx_auto_type
    Feature record: CXX_FEATURE:0cxx_binary_literals
    Feature record: CXX_FEATURE:1cxx_constexpr
    Feature record: CXX_FEATURE:0cxx_contextual_conversions
    Feature record: CXX_FEATURE:1cxx_decltype
    Feature record: CXX_FEATURE:0cxx_decltype_auto
    Feature record: CXX_FEATURE:1cxx_decltype_incomplete_return_types
    Feature record: CXX_FEATURE:1cxx_default_function_template_args
    Feature record: CXX_FEATURE:1cxx_defaulted_functions
    Feature record: CXX_FEATURE:1cxx_defaulted_move_initializers
    Feature record: CXX_FEATURE:1cxx_delegating_constructors
    Feature record: CXX_FEATURE:1cxx_deleted_functions
    Feature record: CXX_FEATURE:0cxx_digit_separators
    Feature record: CXX_FEATURE:1cxx_enum_forward_declarations
    Feature record: CXX_FEATURE:1cxx_explicit_conversions
    Feature record: CXX_FEATURE:1cxx_extended_friend_declarations
    Feature record: CXX_FEATURE:1cxx_extern_templates
    Feature record: CXX_FEATURE:1cxx_final
    Feature record: CXX_FEATURE:1cxx_func_identifier
    Feature record: CXX_FEATURE:1cxx_generalized_initializers
    Feature record: CXX_FEATURE:0cxx_generic_lambdas
    Feature record: CXX_FEATURE:1cxx_inheriting_constructors
    Feature record: CXX_FEATURE:1cxx_inline_namespaces
    Feature record: CXX_FEATURE:1cxx_lambdas
    Feature record: CXX_FEATURE:0cxx_lambda_init_captures
    Feature record: CXX_FEATURE:1cxx_local_type_template_args
    Feature record: CXX_FEATURE:1cxx_long_long_type
    Feature record: CXX_FEATURE:1cxx_noexcept
    Feature record: CXX_FEATURE:1cxx_nonstatic_member_init
    Feature record: CXX_FEATURE:1cxx_nullptr
    Feature record: CXX_FEATURE:1cxx_override
    Feature record: CXX_FEATURE:1cxx_range_for
    Feature record: CXX_FEATURE:1cxx_raw_string_literals
    Feature record: CXX_FEATURE:1cxx_reference_qualified_functions
    Feature record: CXX_FEATURE:0cxx_relaxed_constexpr
    Feature record: CXX_FEATURE:0cxx_return_type_deduction
    Feature record: CXX_FEATURE:1cxx_right_angle_brackets
    Feature record: CXX_FEATURE:1cxx_rvalue_references
    Feature record: CXX_FEATURE:1cxx_sizeof_member
    Feature record: CXX_FEATURE:1cxx_static_assert
    Feature record: CXX_FEATURE:1cxx_strong_enums
    Feature record: CXX_FEATURE:1cxx_template_template_parameters
    Feature record: CXX_FEATURE:1cxx_thread_local
    Feature record: CXX_FEATURE:1cxx_trailing_return_types
    Feature record: CXX_FEATURE:1cxx_unicode_literals
    Feature record: CXX_FEATURE:1cxx_uniform_initialization
    Feature record: CXX_FEATURE:1cxx_unrestricted_unions
    Feature record: CXX_FEATURE:1cxx_user_literals
    Feature record: CXX_FEATURE:0cxx_variable_templates
    Feature record: CXX_FEATURE:1cxx_variadic_macros
    Feature record: CXX_FEATURE:1cxx_variadic_templates


Detecting CXX [-std=c++98] compiler features compiled with the following output:
Change Dir: /home/zuxin/playground/cmake/hw4/build/CMakeFiles/CMakeTmp

Run Build Command(s):/usr/bin/gmake cmTC_6cc1a/fast 
/usr/bin/gmake -f CMakeFiles/cmTC_6cc1a.dir/build.make CMakeFiles/cmTC_6cc1a.dir/build
gmake[1]: Entering directory `/home/zuxin/playground/cmake/hw4/build/CMakeFiles/CMakeTmp'
Building CXX object CMakeFiles/cmTC_6cc1a.dir/feature_tests.cxx.o
/opt/gcc/8.3/bin/g++    -std=c++98 -o CMakeFiles/cmTC_6cc1a.dir/feature_tests.cxx.o -c /home/zuxin/playground/cmake/hw4/build/CMakeFiles/feature_tests.cxx
Linking CXX executable cmTC_6cc1a
/opt/cmake/3.14/bin/cmake -E cmake_link_script CMakeFiles/cmTC_6cc1a.dir/link.txt --verbose=1
/opt/gcc/8.3/bin/g++       -rdynamic CMakeFiles/cmTC_6cc1a.dir/feature_tests.cxx.o  -o cmTC_6cc1a 
gmake[1]: Leaving directory `/home/zuxin/playground/cmake/hw4/build/CMakeFiles/CMakeTmp'


    Feature record: CXX_FEATURE:0cxx_aggregate_default_initializers
    Feature record: CXX_FEATURE:0cxx_alias_templates
    Feature record: CXX_FEATURE:0cxx_alignas
    Feature record: CXX_FEATURE:0cxx_alignof
    Feature record: CXX_FEATURE:0cxx_attributes
    Feature record: CXX_FEATURE:0cxx_attribute_deprecated
    Feature record: CXX_FEATURE:0cxx_auto_type
    Feature record: CXX_FEATURE:0cxx_binary_literals
    Feature record: CXX_FEATURE:0cxx_constexpr
    Feature record: CXX_FEATURE:0cxx_contextual_conversions
    Feature record: CXX_FEATURE:0cxx_decltype
    Feature record: CXX_FEATURE:0cxx_decltype_auto
    Feature record: CXX_FEATURE:0cxx_decltype_incomplete_return_types
    Feature record: CXX_FEATURE:0cxx_default_function_template_args
    Feature record: CXX_FEATURE:0cxx_defaulted_functions
    Feature record: CXX_FEATURE:0cxx_defaulted_move_initializers
    Feature record: CXX_FEATURE:0cxx_delegating_constructors
    Feature record: CXX_FEATURE:0cxx_deleted_functions
    Feature record: CXX_FEATURE:0cxx_digit_separators
    Feature record: CXX_FEATURE:0cxx_enum_forward_declarations
    Feature record: CXX_FEATURE:0cxx_explicit_conversions
    Feature record: CXX_FEATURE:0cxx_extended_friend_declarations
    Feature record: CXX_FEATURE:0cxx_extern_templates
    Feature record: CXX_FEATURE:0cxx_final
    Feature record: CXX_FEATURE:0cxx_func_identifier
    Feature record: CXX_FEATURE:0cxx_generalized_initializers
    Feature record: CXX_FEATURE:0cxx_generic_lambdas
    Feature record: CXX_FEATURE:0cxx_inheriting_constructors
    Feature record: CXX_FEATURE:0cxx_inline_namespaces
    Feature record: CXX_FEATURE:0cxx_lambdas
    Feature record: CXX_FEATURE:0cxx_lambda_init_captures
    Feature record: CXX_FEATURE:0cxx_local_type_template_args
    Feature record: CXX_FEATURE:0cxx_long_long_type
    Feature record: CXX_FEATURE:0cxx_noexcept
    Feature record: CXX_FEATURE:0cxx_nonstatic_member_init
    Feature record: CXX_FEATURE:0cxx_nullptr
    Feature record: CXX_FEATURE:0cxx_override
    Feature record: CXX_FEATURE:0cxx_range_for
    Feature record: CXX_FEATURE:0cxx_raw_string_literals
    Feature record: CXX_FEATURE:0cxx_reference_qualified_functions
    Feature record: CXX_FEATURE:0cxx_relaxed_constexpr
    Feature record: CXX_FEATURE:0cxx_return_type_deduction
    Feature record: CXX_FEATURE:0cxx_right_angle_brackets
    Feature record: CXX_FEATURE:0cxx_rvalue_references
    Feature record: CXX_FEATURE:0cxx_sizeof_member
    Feature record: CXX_FEATURE:0cxx_static_assert
    Feature record: CXX_FEATURE:0cxx_strong_enums
    Feature record: CXX_FEATURE:1cxx_template_template_parameters
    Feature record: CXX_FEATURE:0cxx_thread_local
    Feature record: CXX_FEATURE:0cxx_trailing_return_types
    Feature record: CXX_FEATURE:0cxx_unicode_literals
    Feature record: CXX_FEATURE:0cxx_uniform_initialization
    Feature record: CXX_FEATURE:0cxx_unrestricted_unions
    Feature record: CXX_FEATURE:0cxx_user_literals
    Feature record: CXX_FEATURE:0cxx_variable_templates
    Feature record: CXX_FEATURE:0cxx_variadic_macros
    Feature record: CXX_FEATURE:0cxx_variadic_templates
